Watching for file changes with StatReloader
[19/Jul/2023 06:52:54] "GET / HTTP/1.1" 200 1530
[19/Jul/2023 07:05:51] "GET / HTTP/1.1" 200 1530
Not Found: /_profiler/phpinfo
[19/Jul/2023 07:29:05] "GET /_profiler/phpinfo HTTP/1.1" 404 6531
Not Found: /_profiler/phpinfo
[19/Jul/2023 07:29:05] "GET /_profiler/phpinfo HTTP/1.1" 404 6531
Forbidden (CSRF cookie not set.): /
[19/Jul/2023 07:29:05] "POST / HTTP/1.1" 403 2922
Not Found: /debug/default/view
[19/Jul/2023 07:29:05] "POST /debug/default/view?panel=config HTTP/1.1" 404 6548
Forbidden (CSRF cookie not set.): /
[19/Jul/2023 07:29:05] "POST / HTTP/1.1" 403 2922
Not Found: /tool/view/phpinfo.view.php
[19/Jul/2023 07:29:05] "POST /tool/view/phpinfo.view.php HTTP/1.1" 404 6559
Not Found: /wp-config.php-backup
[19/Jul/2023 07:29:06] "POST /wp-config.php-backup HTTP/1.1" 404 6541
Not Found: /debug/default/view
[19/Jul/2023 07:29:06] "POST /debug/default/view?panel=config HTTP/1.1" 404 6548
Not Found: /
[19/Jul/2023 07:29:06] "POST /%C3%80 HTTP/1.1" 404 6491
Not Found: /debug/default/view.html
[19/Jul/2023 07:29:06] "POST /debug/default/view.html HTTP/1.1" 404 6550
Not Found: /tool/view/phpinfo.view.php
[19/Jul/2023 07:29:06] "POST /tool/view/phpinfo.view.php HTTP/1.1" 404 6559
Not Found: /debug/default/view
[19/Jul/2023 07:29:06] "POST /debug/default/view HTTP/1.1" 404 6535
Not Found: /frontend/web/debug/default/view
[19/Jul/2023 07:29:07] "POST /frontend/web/debug/default/view HTTP/1.1" 404 6574
Not Found: /wp-config.php-backup
[19/Jul/2023 07:29:07] "POST /wp-config.php-backup HTTP/1.1" 404 6541
Not Found: /web/debug/default/view
[19/Jul/2023 07:29:07] "POST /web/debug/default/view HTTP/1.1" 404 6547
Not Found: /sapi/debug/default/view
[19/Jul/2023 07:29:07] "POST /sapi/debug/default/view HTTP/1.1" 404 6550
Not Found: /
[19/Jul/2023 07:29:07] "POST /%C3%80 HTTP/1.1" 404 6491
Not Found: /debug/default/view
[19/Jul/2023 07:29:08] "POST /debug/default/view?panel=config HTTP/1.1" 404 6548
Not Found: /debug/default/view.html
[19/Jul/2023 07:29:08] "POST /debug/default/view.html HTTP/1.1" 404 6550
Not Found: /debug/default/view
[19/Jul/2023 07:29:08] "POST /debug/default/view HTTP/1.1" 404 6535
Not Found: /frontend/web/debug/default/view
[19/Jul/2023 07:29:09] "POST /frontend/web/debug/default/view HTTP/1.1" 404 6574
Not Found: /web/debug/default/view
[19/Jul/2023 07:29:09] "POST /web/debug/default/view HTTP/1.1" 404 6547
Not Found: /sapi/debug/default/view
[19/Jul/2023 07:29:10] "POST /sapi/debug/default/view HTTP/1.1" 404 6550
Not Found: /debug/default/view
[19/Jul/2023 07:29:10] "POST /debug/default/view?panel=config HTTP/1.1" 404 6548
Not Found: /.aws/credentials
[19/Jul/2023 07:29:12] "GET /.aws/credentials HTTP/1.1" 404 6528
Not Found: /.aws/credentials
[19/Jul/2023 07:29:13] "GET /.aws/credentials HTTP/1.1" 404 6528
Forbidden (CSRF cookie not set.): /
[19/Jul/2023 07:29:13] "POST / HTTP/1.1" 403 2922
Not Found: /debug/default/view
[19/Jul/2023 07:29:13] "POST /debug/default/view?panel=config HTTP/1.1" 404 6548
Forbidden (CSRF cookie not set.): /
[19/Jul/2023 07:29:13] "POST / HTTP/1.1" 403 2922
Not Found: /tool/view/phpinfo.view.php
[19/Jul/2023 07:29:13] "POST /tool/view/phpinfo.view.php HTTP/1.1" 404 6559
Not Found: /wp-config.php-backup
[19/Jul/2023 07:29:13] "POST /wp-config.php-backup HTTP/1.1" 404 6541
Not Found: /debug/default/view
[19/Jul/2023 07:29:14] "POST /debug/default/view?panel=config HTTP/1.1" 404 6548
Not Found: /
[19/Jul/2023 07:29:14] "POST /%C3%80 HTTP/1.1" 404 6491
Not Found: /debug/default/view.html
[19/Jul/2023 07:29:14] "POST /debug/default/view.html HTTP/1.1" 404 6550
Not Found: /debug/default/view
Not Found: /tool/view/phpinfo.view.php
[19/Jul/2023 07:29:14] "POST /debug/default/view HTTP/1.1" 404 6535
[19/Jul/2023 07:29:14] "POST /tool/view/phpinfo.view.php HTTP/1.1" 404 6559
Not Found: /frontend/web/debug/default/view
[19/Jul/2023 07:29:14] "POST /frontend/web/debug/default/view HTTP/1.1" 404 6574
Not Found: /wp-config.php-backup
[19/Jul/2023 07:29:15] "POST /wp-config.php-backup HTTP/1.1" 404 6541
Not Found: /web/debug/default/view
[19/Jul/2023 07:29:15] "POST /web/debug/default/view HTTP/1.1" 404 6547
Not Found: /sapi/debug/default/view
[19/Jul/2023 07:29:15] "POST /sapi/debug/default/view HTTP/1.1" 404 6550
Not Found: /
[19/Jul/2023 07:29:15] "POST /%C3%80 HTTP/1.1" 404 6491
Not Found: /debug/default/view
[19/Jul/2023 07:29:15] "POST /debug/default/view?panel=config HTTP/1.1" 404 6548
Not Found: /debug/default/view.html
[19/Jul/2023 07:29:16] "POST /debug/default/view.html HTTP/1.1" 404 6550
Not Found: /debug/default/view
[19/Jul/2023 07:29:16] "POST /debug/default/view HTTP/1.1" 404 6535
Not Found: /frontend/web/debug/default/view
[19/Jul/2023 07:29:17] "POST /frontend/web/debug/default/view HTTP/1.1" 404 6574
Not Found: /web/debug/default/view
[19/Jul/2023 07:29:17] "POST /web/debug/default/view HTTP/1.1" 404 6547
Not Found: /sapi/debug/default/view
[19/Jul/2023 07:29:18] "POST /sapi/debug/default/view HTTP/1.1" 404 6550
Not Found: /debug/default/view
[19/Jul/2023 07:29:18] "POST /debug/default/view?panel=config HTTP/1.1" 404 6548
Not Found: /manager/html
[19/Jul/2023 07:29:27] "GET /manager/html HTTP/1.1" 404 6516
