Watching for file changes with StatReloader
[12/Aug/2023 15:30:10] "GET / HTTP/1.1" 200 1515
[12/Aug/2023 15:30:18] "GET / HTTP/1.1" 200 1515
[12/Aug/2023 15:30:19] "GET /staticfiles/images/logo_NTTCS_CF.jpg HTTP/1.1" 200 20664
[12/Aug/2023 15:31:23] "GET / HTTP/1.1" 200 1515
Not Found: /boaform/admin/formLogin
[12/Aug/2023 15:32:31] "POST /boaform/admin/formLogin HTTP/1.1" 404 6569
Not Found: /app/.env
[12/Aug/2023 15:39:03] "GET /app/.env HTTP/1.1" 404 6520
Not Found: /app
[12/Aug/2023 15:39:04] "POST /app HTTP/1.1" 404 6506
Not Found: /.env
[12/Aug/2023 15:47:42] "GET /.env HTTP/1.1" 404 6508
Not Found: /.env
[12/Aug/2023 15:50:24] "GET /.env HTTP/1.1" 404 6508
Forbidden (CSRF cookie not set.): /
[12/Aug/2023 15:50:25] "POST / HTTP/1.1" 403 2922
Not Found: /.env
[12/Aug/2023 15:50:25] "GET /.env HTTP/1.1" 404 6508
Forbidden (CSRF cookie not set.): /
[12/Aug/2023 15:50:26] "POST / HTTP/1.1" 403 2922
[12/Aug/2023 15:53:51] "GET / HTTP/1.1" 200 1515
[12/Aug/2023 15:53:52] "GET / HTTP/1.1" 200 1515
