Watching for file changes with StatReloader
[21/Jul/2023 14:47:26] "GET / HTTP/1.1" 200 1515
[21/Jul/2023 14:47:26] "GET /staticfiles/css/main.css HTTP/1.1" 200 11099
[21/Jul/2023 14:47:26] "GET /staticfiles/css/botones.css HTTP/1.1" 200 842
[21/Jul/2023 14:47:26] "GET /staticfiles/css/estilos.css HTTP/1.1" 200 7572
[21/Jul/2023 14:47:26] "GET /staticfiles/images/logo_NTTCS_CF.jpg HTTP/1.1" 200 20664
[21/Jul/2023 14:47:29] "POST / HTTP/1.1" 302 0
[21/Jul/2023 14:47:29] "GET /menu/ HTTP/1.1" 200 9358
[21/Jul/2023 14:47:29] "GET /staticfiles/css/ass.css HTTP/1.1" 200 6971
[21/Jul/2023 14:47:29] "GET /staticfiles/js/scripts.js HTTP/1.1" 200 1798
[21/Jul/2023 14:47:29] "GET /staticfiles/images/logo_NTTData.jpg HTTP/1.1" 200 2121
[21/Jul/2023 14:47:29] "GET /staticfiles/images/equipo2.jpg HTTP/1.1" 200 16151
[21/Jul/2023 14:47:31] "GET /mantenimientoNivelMadurez/ HTTP/1.1" 200 33640
Internal Server Error: /mantenimientoNivelMadurez/
Traceback (most recent call last):
  File "C:\Users\administrator\AppData\Local\Programs\Python\Python311\Lib\site-packages\django\core\handlers\exception.py", line 55, in inner
    response = get_response(request)
               ^^^^^^^^^^^^^^^^^^^^^
  File "C:\Users\administrator\AppData\Local\Programs\Python\Python311\Lib\site-packages\django\core\handlers\base.py", line 197, in _get_response
    response = wrapped_callback(request, *callback_args, **callback_kwargs)
               ^^^^^^^^^^^^^^^^^^^^^^^^^^^^^^^^^^^^^^^^^^^^^^^^^^^^^^^^^^^^
  File "C:\Users\administrator\AppData\Local\Programs\Python\Python311\Lib\site-packages\django\views\generic\base.py", line 104, in view
    return self.dispatch(request, *args, **kwargs)
           ^^^^^^^^^^^^^^^^^^^^^^^^^^^^^^^^^^^^^^^
  File "C:\Users\administrator\AppData\Local\Programs\Python\Python311\Lib\site-packages\django\contrib\auth\mixins.py", line 73, in dispatch
    return super().dispatch(request, *args, **kwargs)
           ^^^^^^^^^^^^^^^^^^^^^^^^^^^^^^^^^^^^^^^^^^
  File "C:\Users\administrator\AppData\Local\Programs\Python\Python311\Lib\site-packages\django\views\generic\base.py", line 143, in dispatch
    return handler(request, *args, **kwargs)
           ^^^^^^^^^^^^^^^^^^^^^^^^^^^^^^^^^
  File "C:\Users\administrator\Documents\NTTCS_Control_Framework\NTTCS_CF_project\homepage\views.py", line 628, in post
    Percentage = float(request.POST.get('Percentage').replace(',', '.'))   # valor del input de percentaje
                 ^^^^^^^^^^^^^^^^^^^^^^^^^^^^^^^^^^^^^^^^^^^^^^^^^^^^^^^
ValueError: could not convert string to float: ''
[21/Jul/2023 14:47:33] "POST /mantenimientoNivelMadurez/ HTTP/1.1" 500 78504
Not Found: /favicon.ico
[21/Jul/2023 14:47:33] "GET /favicon.ico HTTP/1.1" 404 6513
C:\Users\administrator\Documents\NTTCS_Control_Framework\NTTCS_CF_project\homepage\views.py changed, reloading.
Performing system checks...

System check identified no issues (0 silenced).
July 21, 2023 - 14:47:26
Django version 4.2.2, using settings 'NTTCS_CF_project.settings'
Starting development server at http://127.0.0.1:23194/
Quit the server with CTRL-BREAK.

Watching for file changes with StatReloader
[21/Jul/2023 14:54:44] "GET /mantenimientoNivelMadurez/ HTTP/1.1" 200 33640
[21/Jul/2023 14:54:44] "GET /staticfiles/images/logo_NTTCS_CF.jpg HTTP/1.1" 200 20664
[21/Jul/2023 14:54:45] "POST /mantenimientoNivelMadurez/ HTTP/1.1" 200 33907
[21/Jul/2023 14:54:45] "GET /staticfiles/js/scripts.js HTTP/1.1" 200 1798
[21/Jul/2023 14:54:45] "GET /staticfiles/images/logo_NTTData.jpg HTTP/1.1" 200 2121
Not Found: /aaa9
[21/Jul/2023 14:55:46] "GET /aaa9 HTTP/1.1" 404 6492
Not Found: /aab8
[21/Jul/2023 14:55:59] "GET /aab8 HTTP/1.1" 404 6492
[21/Jul/2023 14:56:06] "GET / HTTP/1.1" 200 1515
Not Found: /.env
[21/Jul/2023 14:57:08] "GET /.env HTTP/1.1" 404 6492
[21/Jul/2023 15:05:57] "GET / HTTP/1.1" 200 1515
[21/Jul/2023 15:12:27] "GET / HTTP/1.1" 200 1515
Not Found: /actuator/health
[21/Jul/2023 15:30:55] "GET /actuator/health HTTP/1.1" 404 6525
Not Found: /aaa9
[21/Jul/2023 15:48:48] "GET /aaa9 HTTP/1.1" 404 6492
Not Found: /aab8
[21/Jul/2023 15:48:58] "GET /aab8 HTTP/1.1" 404 6492
[21/Jul/2023 15:49:13] "GET / HTTP/1.1" 200 1515
[21/Jul/2023 15:50:53] "GET / HTTP/1.1" 200 1515
Not Found: /favicon.ico
[21/Jul/2023 15:51:06] "GET /favicon.ico HTTP/1.1" 404 6513
Not Found: /payment/index.php
[21/Jul/2023 15:51:21] "GET /payment/index.php HTTP/1.1" 404 6529
[21/Jul/2023 15:51:21] "GET / HTTP/1.1" 200 1515
[21/Jul/2023 16:05:54] "GET / HTTP/1.1" 200 1515
Not Found: /hudson
[21/Jul/2023 16:23:56] "GET /hudson HTTP/1.1" 404 6498
[21/Jul/2023 16:32:49] "GET / HTTP/1.1" 200 1515
Not Found: /1.php
[21/Jul/2023 16:32:49] "GET /1.php HTTP/1.1" 404 6495
Not Found: /.env
[21/Jul/2023 16:36:29] "GET /.env HTTP/1.1" 404 6492
Forbidden (CSRF cookie not set.): /
[21/Jul/2023 16:36:29] "POST / HTTP/1.1" 403 2922
Not Found: /.env
[21/Jul/2023 16:36:30] "GET /.env HTTP/1.1" 404 6492
Forbidden (CSRF cookie not set.): /
[21/Jul/2023 16:36:31] "POST / HTTP/1.1" 403 2922
Not Found: /vendor/phpunit/phpunit/src/Util/PHP/eval-stdin.php
[21/Jul/2023 16:36:33] "GET /vendor/phpunit/phpunit/src/Util/PHP/eval-stdin.php HTTP/1.1" 404 6630
Not Found: /aaa9
[21/Jul/2023 16:45:39] "GET /aaa9 HTTP/1.1" 404 6492
Not Found: /aab8
[21/Jul/2023 16:45:58] "GET /aab8 HTTP/1.1" 404 6492
[21/Jul/2023 16:46:12] "GET / HTTP/1.1" 200 1515
[21/Jul/2023 17:08:34] "GET / HTTP/1.1" 200 1515
[21/Jul/2023 17:08:35] "GET / HTTP/1.1" 200 1515
[21/Jul/2023 17:08:35] "GET /staticfiles/images/logo_NTTCS_CF.jpg HTTP/1.1" 200 20664
Not Found: /favicon.ico
[21/Jul/2023 17:08:36] "GET /favicon.ico HTTP/1.1" 404 6513
[21/Jul/2023 17:13:24] "GET / HTTP/1.1" 200 1515
[21/Jul/2023 17:13:24] "GET / HTTP/1.1" 200 1515
[21/Jul/2023 17:19:12] "HEAD / HTTP/1.1" 200 0
[21/Jul/2023 17:19:13] "HEAD / HTTP/1.1" 200 0
[21/Jul/2023 17:19:13] "GET / HTTP/1.1" 200 1515
[21/Jul/2023 17:19:14] "GET /staticfiles/css/estilos.css HTTP/1.1" 200 7572
[21/Jul/2023 17:19:14] "GET /staticfiles/css/main.css HTTP/1.1" 200 11099
[21/Jul/2023 17:19:14] "GET /staticfiles/css/botones.css HTTP/1.1" 200 842
[21/Jul/2023 17:19:14] "GET /staticfiles/images/logo_NTTCS_CF.jpg HTTP/1.1" 200 20664
[21/Jul/2023 17:19:30] "GET / HTTP/1.1" 200 1515
[21/Jul/2023 17:38:02] "GET / HTTP/1.1" 200 1515
Not Found: /boaform/admin/formLogin
[21/Jul/2023 17:49:58] "POST /boaform/admin/formLogin HTTP/1.1" 404 6553
[21/Jul/2023 17:52:01] "GET / HTTP/1.1" 200 1515
Not Found: /payment/index.php
[21/Jul/2023 17:52:02] "GET /payment/index.php HTTP/1.1" 404 6529
