Watching for file changes with StatReloader
[30/Jun/2023 14:07:12] "POST /MantenimientoMapeoMarcos/ HTTP/1.1" 200 84110
[30/Jun/2023 14:07:16] "POST /MantenimientoMapeoMarcos/ HTTP/1.1" 200 12473
[30/Jun/2023 14:07:17] "POST /MantenimientoMapeoMarcos/ HTTP/1.1" 200 12301
C:\Users\administrator\Documents\NTTCS_Control_Framework\NTTCS_CF_project\homepage\views.py changed, reloading.
Performing system checks...

System check identified no issues (0 silenced).
June 30, 2023 - 14:07:12
Django version 4.2.2, using settings 'NTTCS_CF_project.settings'
Starting development server at http://127.0.0.1:21258/
Quit the server with CTRL-BREAK.

Watching for file changes with StatReloader
Not Found: /.env
[30/Jun/2023 14:14:10] "GET /.env HTTP/1.1" 404 6649
[30/Jun/2023 14:25:56] "GET / HTTP/1.1" 200 1768
[30/Jun/2023 14:25:57] "GET /staticfiles/images/logo_NTTCS_CF.jpg HTTP/1.1" 200 20664
[30/Jun/2023 14:27:12] "POST /MantenimientoMapeoMarcos/ HTTP/1.1" 200 92018
[30/Jun/2023 14:27:12] "GET /staticfiles/css/botones.css HTTP/1.1" 304 0
[30/Jun/2023 14:27:18] "POST /MantenimientoMapeoMarcos/ HTTP/1.1" 200 39088
[30/Jun/2023 14:27:24] "POST /MantenimientoMapeoMarcos/ HTTP/1.1" 200 39088
[30/Jun/2023 14:27:30] "POST /MantenimientoMapeoMarcos/ HTTP/1.1" 200 46326
Not Found: /hudson
[30/Jun/2023 14:33:53] "GET /hudson HTTP/1.1" 404 6655
