Watching for file changes with StatReloader
[18/Jul/2023 15:19:36] "GET / HTTP/1.1" 200 1530
[18/Jul/2023 15:19:36] "GET /staticfiles/css/estilos.css HTTP/1.1" 200 5277
[18/Jul/2023 15:19:36] "GET /staticfiles/css/botones.css HTTP/1.1" 200 842
[18/Jul/2023 15:19:36] "GET /staticfiles/css/main.css HTTP/1.1" 200 11099
[18/Jul/2023 15:19:36] "GET /staticfiles/images/logo_NTTCS_CF.jpg HTTP/1.1" 200 20664
[18/Jul/2023 15:19:40] "POST / HTTP/1.1" 302 0
[18/Jul/2023 15:19:40] "GET /menu/ HTTP/1.1" 200 9259
[18/Jul/2023 15:19:40] "GET /staticfiles/css/estilos.css HTTP/1.1" 304 0
[18/Jul/2023 15:19:40] "GET /staticfiles/css/ass.css HTTP/1.1" 200 6958
[18/Jul/2023 15:19:40] "GET /staticfiles/js/scripts.js HTTP/1.1" 200 1798
[18/Jul/2023 15:19:40] "GET /staticfiles/images/logo_NTTData.jpg HTTP/1.1" 200 2121
[18/Jul/2023 15:19:40] "GET /staticfiles/images/equipo2.jpg HTTP/1.1" 200 16151
[18/Jul/2023 15:19:44] "GET /usuarios/ HTTP/1.1" 200 14650
[18/Jul/2023 15:19:44] "GET /staticfiles/css/estilos.css HTTP/1.1" 304 0
[18/Jul/2023 15:19:44] "GET /staticfiles/css/ass.css HTTP/1.1" 304 0
[18/Jul/2023 15:19:44] "GET /staticfiles/js/scripts.js HTTP/1.1" 304 0
[18/Jul/2023 15:19:47] "GET /mantenimientoNivelMadurez/ HTTP/1.1" 200 37151
[18/Jul/2023 15:19:47] "GET /staticfiles/css/estilos.css HTTP/1.1" 304 0
[18/Jul/2023 15:19:47] "GET /staticfiles/css/ass.css HTTP/1.1" 304 0
[18/Jul/2023 15:19:47] "GET /staticfiles/js/scripts.js HTTP/1.1" 304 0
[18/Jul/2023 15:19:49] "GET /exportaciones/ HTTP/1.1" 200 10656
[18/Jul/2023 15:19:49] "GET /informes/ HTTP/1.1" 200 9603
[18/Jul/2023 15:19:50] "GET /staticfiles/js/scripts.js HTTP/1.1" 304 0
[18/Jul/2023 15:19:50] "GET /staticfiles/css/ass.css HTTP/1.1" 304 0
[18/Jul/2023 15:19:50] "GET /staticfiles/css/estilos.css HTTP/1.1" 304 0
[18/Jul/2023 15:19:50] "GET /assessmentselect/ HTTP/1.1" 200 21024
[18/Jul/2023 15:19:51] "GET /informes/ HTTP/1.1" 200 9603
[18/Jul/2023 15:19:52] "GET /exportaciones/ HTTP/1.1" 200 10656
[18/Jul/2023 15:26:41] "GET / HTTP/1.1" 200 1530
