Watching for file changes with StatReloader
Not Found: /robots.txt
[16/Aug/2023 07:00:45] "GET /robots.txt HTTP/1.1" 404 6519
[16/Aug/2023 07:01:33] "GET / HTTP/1.1" 200 1515
Not Found: /0z.php
[16/Aug/2023 07:07:58] "GET /0z.php HTTP/1.1" 404 6507
Not Found: /fw.php
[16/Aug/2023 07:07:58] "GET /fw.php HTTP/1.1" 404 6507
Not Found: /1.php
[16/Aug/2023 07:07:59] "GET /1.php HTTP/1.1" 404 6504
Not Found: /404.php
[16/Aug/2023 07:07:59] "GET /404.php HTTP/1.1" 404 6510
Not Found: /403.php
[16/Aug/2023 07:07:59] "GET /403.php HTTP/1.1" 404 6510
Not Found: /init.php
[16/Aug/2023 07:07:59] "GET /init.php HTTP/1.1" 404 6513
Not Found: /wp_wrong_datlib.php
[16/Aug/2023 07:07:59] "GET /wp_wrong_datlib.php HTTP/1.1" 404 6546
Not Found: /xleet.php
[16/Aug/2023 07:07:59] "GET /xleet.php HTTP/1.1" 404 6516
Not Found: /wp-admin/fx.php
[16/Aug/2023 07:07:59] "GET /wp-admin/fx.php HTTP/1.1" 404 6534
Not Found: /alfa.php
[16/Aug/2023 07:08:00] "GET /alfa.php HTTP/1.1" 404 6513
Not Found: /doc.php
[16/Aug/2023 07:08:00] "GET /doc.php HTTP/1.1" 404 6510
Not Found: /marijuana.php
[16/Aug/2023 07:08:00] "GET /marijuana.php HTTP/1.1" 404 6528
Not Found: /mini.php
[16/Aug/2023 07:08:00] "GET /mini.php HTTP/1.1" 404 6513
Not Found: /shell.php
[16/Aug/2023 07:08:00] "GET /shell.php HTTP/1.1" 404 6516
Not Found: /small.php
[16/Aug/2023 07:08:00] "GET /small.php HTTP/1.1" 404 6516
Not Found: /wso.php
[16/Aug/2023 07:08:00] "GET /wso.php HTTP/1.1" 404 6510
Not Found: /wp-info.php
[16/Aug/2023 07:08:01] "GET /wp-info.php HTTP/1.1" 404 6522
Not Found: /hehe.php
[16/Aug/2023 07:08:01] "GET /hehe.php HTTP/1.1" 404 6513
Not Found: /wp-blog.php
[16/Aug/2023 07:08:01] "GET /wp-blog.php HTTP/1.1" 404 6522
Not Found: /DKIZ.php
[16/Aug/2023 07:08:01] "GET /DKIZ.php?DKIZ HTTP/1.1" 404 6518
Not Found: /xml.php
[16/Aug/2023 07:08:01] "GET /xml.php HTTP/1.1" 404 6510
Not Found: /upload.php
[16/Aug/2023 07:08:01] "GET /upload.php HTTP/1.1" 404 6519
Not Found: /up.php
[16/Aug/2023 07:08:01] "GET /up.php HTTP/1.1" 404 6507
Not Found: /uph.php
[16/Aug/2023 07:08:02] "GET /uph.php HTTP/1.1" 404 6510
Not Found: /wpx.php
[16/Aug/2023 07:08:02] "GET /wpx.php HTTP/1.1" 404 6510
Not Found: /ini.php
[16/Aug/2023 07:08:02] "GET /ini.php HTTP/1.1" 404 6510
Not Found: /lufix.php
[16/Aug/2023 07:08:02] "GET /lufix.php HTTP/1.1" 404 6516
Not Found: /images/vuln.php
[16/Aug/2023 07:08:02] "GET /images/vuln.php HTTP/1.1" 404 6534
Not Found: /media-admin.php
[16/Aug/2023 07:08:02] "GET /media-admin.php HTTP/1.1" 404 6534
Not Found: /ups.php
[16/Aug/2023 07:08:02] "GET /ups.php HTTP/1.1" 404 6510
Not Found: /srx.php
[16/Aug/2023 07:08:03] "GET /srx.php HTTP/1.1" 404 6510
Not Found: /google.php
[16/Aug/2023 07:08:03] "GET /google.php HTTP/1.1" 404 6519
Not Found: /m.php
[16/Aug/2023 07:08:03] "GET /m.php HTTP/1.1" 404 6504
Not Found: /503.php
[16/Aug/2023 07:08:03] "GET /503.php HTTP/1.1" 404 6510
Not Found: /update.php
[16/Aug/2023 07:08:03] "GET /update.php HTTP/1.1" 404 6519
Not Found: /lock360.php
[16/Aug/2023 07:08:03] "GET /lock360.php HTTP/1.1" 404 6522
Not Found: /lock.php
[16/Aug/2023 07:08:03] "GET /lock.php HTTP/1.1" 404 6513
Not Found: /priv8.php
[16/Aug/2023 07:08:03] "GET /priv8.php HTTP/1.1" 404 6516
Not Found: /mass.php
[16/Aug/2023 07:08:04] "GET /mass.php HTTP/1.1" 404 6513
Not Found: /1337.php
[16/Aug/2023 07:08:04] "GET /1337.php HTTP/1.1" 404 6513
Not Found: /1877.php
[16/Aug/2023 07:08:04] "GET /1877.php HTTP/1.1" 404 6513
Not Found: /fm.php
[16/Aug/2023 07:08:04] "GET /fm.php HTTP/1.1" 404 6507
Not Found: /css.php
[16/Aug/2023 07:08:04] "GET /css.php HTTP/1.1" 404 6510
Not Found: /inbox.php
[16/Aug/2023 07:08:04] "GET /inbox.php HTTP/1.1" 404 6516
Not Found: /index2.php
[16/Aug/2023 07:08:04] "GET /index2.php HTTP/1.1" 404 6519
Not Found: /default.php
[16/Aug/2023 07:08:05] "GET /default.php HTTP/1.1" 404 6522
Not Found: /lyda.php
[16/Aug/2023 07:08:05] "GET /lyda.php HTTP/1.1" 404 6513
Not Found: /mar.php
[16/Aug/2023 07:08:05] "GET /mar.php HTTP/1.1" 404 6510
Not Found: /olux.php
[16/Aug/2023 07:08:05] "GET /olux.php HTTP/1.1" 404 6513
Not Found: /plugins.php
[16/Aug/2023 07:08:05] "GET /plugins.php HTTP/1.1" 404 6522
Not Found: /wp-plugins.php
[16/Aug/2023 07:08:05] "GET /wp-plugins.php HTTP/1.1" 404 6531
Not Found: /sh.php
[16/Aug/2023 07:08:06] "GET /sh.php HTTP/1.1" 404 6507
Not Found: /upl.php
[16/Aug/2023 07:08:06] "GET /upl.php HTTP/1.1" 404 6510
Not Found: /symlink.php
[16/Aug/2023 07:08:06] "GET /symlink.php HTTP/1.1" 404 6522
Not Found: /sym.php
[16/Aug/2023 07:08:06] "GET /sym.php HTTP/1.1" 404 6510
Not Found: /tesla.php
[16/Aug/2023 07:08:06] "GET /tesla.php HTTP/1.1" 404 6516
Not Found: /fox.php
[16/Aug/2023 07:08:06] "GET /fox.php HTTP/1.1" 404 6510
Not Found: /shell20211028.php
[16/Aug/2023 07:08:08] "GET /shell20211028.php HTTP/1.1" 404 6540
Not Found: /classwithtostring.php
[16/Aug/2023 07:08:08] "GET /classwithtostring.php HTTP/1.1" 404 6552
Not Found: /an.php
[16/Aug/2023 07:08:08] "GET /an.php HTTP/1.1" 404 6507
Not Found: /zz.php
[16/Aug/2023 07:08:08] "GET /zz.php HTTP/1.1" 404 6507
Not Found: /x.php
[16/Aug/2023 07:08:08] "GET /x.php HTTP/1.1" 404 6504
Not Found: /about.php
[16/Aug/2023 07:08:09] "GET /about.php HTTP/1.1" 404 6516
Not Found: /by.php
[16/Aug/2023 07:08:09] "GET /by.php HTTP/1.1" 404 6507
Not Found: /admin.php
[16/Aug/2023 07:08:09] "GET /admin.php HTTP/1.1" 404 6516
Not Found: /fx.php
[16/Aug/2023 07:08:09] "GET /fx.php HTTP/1.1" 404 6507
Not Found: /v3n0m.php
[16/Aug/2023 07:08:09] "GET /v3n0m.php HTTP/1.1" 404 6516
Not Found: /root.php
[16/Aug/2023 07:08:09] "GET /root.php HTTP/1.1" 404 6513
Not Found: /tnt.php
[16/Aug/2023 07:08:09] "GET /tnt.php HTTP/1.1" 404 6510
Not Found: /exit.php
[16/Aug/2023 07:08:10] "GET /exit.php HTTP/1.1" 404 6513
Not Found: /leet.php
[16/Aug/2023 07:08:10] "GET /leet.php HTTP/1.1" 404 6513
Not Found: /lufi.php
[16/Aug/2023 07:08:10] "GET /lufi.php HTTP/1.1" 404 6513
Not Found: /user.php
[16/Aug/2023 07:08:10] "GET /user.php HTTP/1.1" 404 6513
Not Found: /wso112233.php
[16/Aug/2023 07:08:10] "GET /wso112233.php HTTP/1.1" 404 6528
Not Found: /z.php
[16/Aug/2023 07:08:11] "GET /z.php HTTP/1.1" 404 6504
Not Found: /upl.php
[16/Aug/2023 07:08:11] "GET /upl.php HTTP/1.1" 404 6510
Not Found: /ch.php
[16/Aug/2023 07:08:11] "GET /ch.php HTTP/1.1" 404 6507
Not Found: /xox.php
[16/Aug/2023 07:08:11] "GET /xox.php HTTP/1.1" 404 6510
Not Found: /wp-file.php
[16/Aug/2023 07:08:11] "GET /wp-file.php HTTP/1.1" 404 6522
Not Found: /minishell.php
[16/Aug/2023 07:08:11] "GET /minishell.php HTTP/1.1" 404 6528
Not Found: /mad.php
[16/Aug/2023 07:08:11] "GET /mad.php HTTP/1.1" 404 6510
Not Found: /anon.php
[16/Aug/2023 07:08:12] "GET /anon.php HTTP/1.1" 404 6513
Not Found: /private.php
[16/Aug/2023 07:08:12] "GET /private.php HTTP/1.1" 404 6522
Not Found: /gaza.php
[16/Aug/2023 07:08:12] "GET /gaza.php HTTP/1.1" 404 6513
Not Found: /h4xor.php
[16/Aug/2023 07:08:12] "GET /h4xor.php HTTP/1.1" 404 6516
Not Found: /IndoXploit.php
[16/Aug/2023 07:08:13] "GET /IndoXploit.php HTTP/1.1" 404 6531
Not Found: /font-editor.php
[16/Aug/2023 07:08:13] "GET /font-editor.php HTTP/1.1" 404 6534
Not Found: /plugin-install.php
[16/Aug/2023 07:08:13] "GET /plugin-install.php HTTP/1.1" 404 6543
Not Found: /theme-install.php
[16/Aug/2023 07:08:13] "GET /theme-install.php HTTP/1.1" 404 6540
Not Found: /end.php
[16/Aug/2023 07:08:13] "GET /end.php HTTP/1.1" 404 6510
Not Found: /access.php
[16/Aug/2023 07:08:13] "GET /access.php HTTP/1.1" 404 6519
Not Found: /contents.php
[16/Aug/2023 07:08:14] "GET /contents.php HTTP/1.1" 404 6525
Not Found: /license.php
[16/Aug/2023 07:08:14] "GET /license.php HTTP/1.1" 404 6522
Not Found: /__1975.php
[16/Aug/2023 07:08:14] "GET /__1975.php HTTP/1.1" 404 6519
Not Found: /kill.php
[16/Aug/2023 07:08:14] "GET /kill.php HTTP/1.1" 404 6513
Not Found: /xlettt.php
[16/Aug/2023 07:08:14] "GET /xlettt.php HTTP/1.1" 404 6519
Not Found: /shellx.php
[16/Aug/2023 07:08:15] "GET /shellx.php HTTP/1.1" 404 6519
Not Found: /lock0360.php
[16/Aug/2023 07:08:15] "GET /lock0360.php HTTP/1.1" 404 6525
Not Found: /indexs.php
[16/Aug/2023 07:08:15] "GET /indexs.php HTTP/1.1" 404 6519
Not Found: /hanna1337.php
[16/Aug/2023 07:08:15] "GET /hanna1337.php HTTP/1.1" 404 6528
Not Found: /ton.php
[16/Aug/2023 07:08:16] "GET /ton.php HTTP/1.1" 404 6510
Not Found: /bala.php
[16/Aug/2023 07:08:16] "GET /bala.php HTTP/1.1" 404 6513
Not Found: /wp-admin/shell20211028.php
[16/Aug/2023 07:08:16] "GET /wp-admin/shell20211028.php HTTP/1.1" 404 6567
Not Found: /wp-content/shell20211028.php
[16/Aug/2023 07:08:16] "GET /wp-content/shell20211028.php HTTP/1.1" 404 6573
Not Found: /wp-includes/shell20211028.php
[16/Aug/2023 07:08:16] "GET /wp-includes/shell20211028.php HTTP/1.1" 404 6576
Not Found: /gecko.php
[16/Aug/2023 07:08:16] "GET /gecko.php HTTP/1.1" 404 6516
Not Found: /log.php
[16/Aug/2023 07:08:17] "GET /log.php HTTP/1.1" 404 6510
Not Found: /xl2023.php
[16/Aug/2023 07:08:17] "GET /xl2023.php HTTP/1.1" 404 6519
Not Found: /wsoyanzorng.php
[16/Aug/2023 07:08:17] "GET /wsoyanzorng.php HTTP/1.1" 404 6534
Not Found: /alf.php
[16/Aug/2023 07:08:17] "GET /alf.php HTTP/1.1" 404 6510
Not Found: /xmlrpc2.php
[16/Aug/2023 07:08:17] "GET /xmlrpc2.php HTTP/1.1" 404 6522
Not Found: /evil.php
[16/Aug/2023 07:08:18] "GET /evil.php HTTP/1.1" 404 6513
Not Found: /demo.php
[16/Aug/2023 07:08:18] "GET /demo.php HTTP/1.1" 404 6513
Not Found: /tmpshell.php
[16/Aug/2023 07:08:18] "GET /tmpshell.php HTTP/1.1" 404 6525
Not Found: /moto.php
[16/Aug/2023 07:08:18] "GET /moto.php HTTP/1.1" 404 6513
Not Found: /columns.php
[16/Aug/2023 07:08:18] "GET /columns.php HTTP/1.1" 404 6522
Not Found: /wp-content/themes/pridmag/db.php
[16/Aug/2023 07:08:19] "GET /wp-content/themes/pridmag/db.php?u HTTP/1.1" 404 6587
Not Found: /wp-includes/atom.php
[16/Aug/2023 07:08:19] "GET /wp-includes/atom.php HTTP/1.1" 404 6549
Not Found: /utchiha.php
[16/Aug/2023 07:08:19] "GET /utchiha.php HTTP/1.1" 404 6522
Not Found: /utchiha_uploader.php
[16/Aug/2023 07:08:19] "GET /utchiha_uploader.php HTTP/1.1" 404 6549
Not Found: /Deadcode1975.php
[16/Aug/2023 07:08:19] "GET /Deadcode1975.php HTTP/1.1" 404 6537
Not Found: /wp.php
[16/Aug/2023 07:08:19] "GET /wp.php HTTP/1.1" 404 6507
Not Found: /wp-content/wp-conf.php
[16/Aug/2023 07:08:20] "GET /wp-content/wp-conf.php HTTP/1.1" 404 6555
Not Found: /shells.php
[16/Aug/2023 07:08:20] "GET /shells.php HTTP/1.1" 404 6519
Not Found: /wp-admin/alfa.php
[16/Aug/2023 07:08:20] "GET /wp-admin/alfa.php HTTP/1.1" 404 6540
Not Found: /wp-includes/fw.php
[16/Aug/2023 07:08:20] "GET /wp-includes/fw.php HTTP/1.1" 404 6543
Not Found: /wp-content/fw.php
[16/Aug/2023 07:08:20] "GET /wp-content/fw.php HTTP/1.1" 404 6540
Not Found: /wp-admin/fw.php
[16/Aug/2023 07:08:21] "GET /wp-admin/fw.php HTTP/1.1" 404 6534
Not Found: /wp-22.php
[16/Aug/2023 07:08:21] "GET /wp-22.php HTTP/1.1" 404 6516
Not Found: /wp-admin/wso.php
[16/Aug/2023 07:08:21] "GET /wp-admin/wso.php HTTP/1.1" 404 6537
Not Found: /1975.php
[16/Aug/2023 07:08:22] "GET /1975.php HTTP/1.1" 404 6513
Not Found: /wp-admin/1975.php
[16/Aug/2023 07:08:22] "GET /wp-admin/1975.php HTTP/1.1" 404 6540
Not Found: /wp-content/plugins/ccx/index.php
[16/Aug/2023 07:08:22] "GET /wp-content/plugins/ccx/index.php HTTP/1.1" 404 6585
Not Found: /wp-content/index.php
[16/Aug/2023 07:08:22] "GET /wp-content/index.php HTTP/1.1" 404 6549
Not Found: /index.php
[16/Aug/2023 07:08:22] "GET /index.php?3x=3x HTTP/1.1" 404 6522
Not Found: /wp-content/plugins/dzs-zoomsounds/1877.php
[16/Aug/2023 07:08:23] "GET /wp-content/plugins/dzs-zoomsounds/1877.php HTTP/1.1" 404 6615
Not Found: /emergency.php
[16/Aug/2023 07:08:23] "GET /emergency.php HTTP/1.1" 404 6528
Not Found: /cp.php
[16/Aug/2023 07:08:23] "GET /cp.php HTTP/1.1" 404 6507
Not Found: /wp-content/themes/gaukingo/db.php
[16/Aug/2023 07:08:23] "GET /wp-content/themes/gaukingo/db.php?u HTTP/1.1" 404 6590
Not Found: /Marvins.php
[16/Aug/2023 07:08:23] "GET /Marvins.php HTTP/1.1" 404 6522
Not Found: /rxr.php
[16/Aug/2023 07:08:23] "GET /rxr.php?rxr HTTP/1.1" 404 6514
Not Found: /tmp/vuln.php
[16/Aug/2023 07:08:23] "GET /tmp/vuln.php HTTP/1.1" 404 6525
Not Found: /F0x.php
[16/Aug/2023 07:08:24] "GET /F0x.php HTTP/1.1" 404 6510
Not Found: /images/F0x.php
[16/Aug/2023 07:08:24] "GET /images/F0x.php HTTP/1.1" 404 6531
Not Found: /templates/beez3/error.php
[16/Aug/2023 07:08:24] "GET /templates/beez3/error.php HTTP/1.1" 404 6564
Not Found: /payload.php
[16/Aug/2023 07:08:24] "GET /payload.php HTTP/1.1" 404 6522
Not Found: /wp-admin/wp-trc.php
[16/Aug/2023 07:08:24] "GET /wp-admin/wp-trc.php HTTP/1.1" 404 6546
Not Found: /alfaindex.php
[16/Aug/2023 07:08:24] "GET /alfaindex.php HTTP/1.1" 404 6528
Not Found: /wp-content/alfa.php
[16/Aug/2023 07:08:25] "GET /wp-content/alfa.php HTTP/1.1" 404 6546
Not Found: /www.php
[16/Aug/2023 07:08:25] "GET /www.php HTTP/1.1" 404 6510
Not Found: /snd.php
[16/Aug/2023 07:08:25] "GET /snd.php HTTP/1.1" 404 6510
Not Found: /alfanew.php7
[16/Aug/2023 07:08:25] "GET /alfanew.php7 HTTP/1.1" 404 6525
Not Found: /lalala.php
[16/Aug/2023 07:08:25] "GET /lalala.php HTTP/1.1" 404 6519
Not Found: /me.php
[16/Aug/2023 07:08:26] "GET /me.php HTTP/1.1" 404 6507
Not Found: /0x55.php
[16/Aug/2023 07:08:26] "GET /0x55.php HTTP/1.1" 404 6513
Not Found: /ws.php
[16/Aug/2023 07:08:26] "GET /ws.php HTTP/1.1" 404 6507
Not Found: /b1a3k.php
[16/Aug/2023 07:08:26] "GET /b1a3k.php HTTP/1.1" 404 6516
Not Found: /wp-content/plugins/index.php
[16/Aug/2023 07:08:26] "GET /wp-content/plugins/index.php HTTP/1.1" 404 6573
Not Found: /uploads/up.php
[16/Aug/2023 07:08:26] "GET /uploads/up.php HTTP/1.1" 404 6531
Not Found: /wp-content/up.php
[16/Aug/2023 07:08:27] "GET /wp-content/up.php HTTP/1.1" 404 6540
Not Found: /byp.php
[16/Aug/2023 07:08:27] "GET /byp.php HTTP/1.1" 404 6510
Not Found: /xx.php
[16/Aug/2023 07:08:27] "GET /xx.php HTTP/1.1" 404 6507
Not Found: /wp-includes/class-json-ajax-session.php
[16/Aug/2023 07:08:27] "GET /wp-includes/class-json-ajax-session.php HTTP/1.1" 404 6606
Not Found: /wp-admin/wp-22.php
[16/Aug/2023 07:08:27] "GET /wp-admin/wp-22.php HTTP/1.1" 404 6543
Not Found: /wp-content/plugins/augmented-reality/vendor/elfinder/php/connector.minimal.php
[16/Aug/2023 07:08:27] "GET /wp-content/plugins/augmented-reality/vendor/elfinder/php/connector.minimal.php HTTP/1.1" 404 6723
Not Found: /wp-content/themes/ThisWay/includes/uploadify/upload_settings_image.php
[16/Aug/2023 07:08:27] "GET /wp-content/themes/ThisWay/includes/uploadify/upload_settings_image.php HTTP/1.1" 404 6699
Not Found: /wp-content/plugins/wordpresss3cll/up.php
[16/Aug/2023 07:08:28] "GET /wp-content/plugins/wordpresss3cll/up.php HTTP/1.1" 404 6609
Not Found: /wp-content/plugins/anttt/simple.php
[16/Aug/2023 07:08:28] "GET /wp-content/plugins/anttt/simple.php HTTP/1.1" 404 6594
Not Found: /wp-content/plugins/wp-file-upload/ROOBOTS.php
[16/Aug/2023 07:08:28] "GET /wp-content/plugins/wp-file-upload/ROOBOTS.php HTTP/1.1" 404 6624
Not Found: /wp-content/plugins/w0rdpr3ssnew/about.php
[16/Aug/2023 07:08:28] "GET /wp-content/plugins/w0rdpr3ssnew/about.php HTTP/1.1" 404 6612
Not Found: /sites/all/libraries/elfinder/connectors/php/connector.php
[16/Aug/2023 07:08:28] "GET /sites/all/libraries/elfinder/connectors/php/connector.php HTTP/1.1" 404 6660
Not Found: /Gecko.php
[16/Aug/2023 07:08:28] "GET /Gecko.php HTTP/1.1" 404 6516
Not Found: /utchiha505.php
[16/Aug/2023 07:08:28] "GET /utchiha505.php HTTP/1.1" 404 6531
Not Found: /fan.php
[16/Aug/2023 07:08:29] "GET /fan.php HTTP/1.1" 404 6510
Not Found: /moon.php
[16/Aug/2023 07:08:29] "GET /moon.php HTTP/1.1" 404 6513
Not Found: /update-core.php
[16/Aug/2023 07:08:29] "GET /update-core.php HTTP/1.1" 404 6534
Not Found: /user-new.php
[16/Aug/2023 07:08:29] "GET /user-new.php HTTP/1.1" 404 6525
Not Found: /customize.php
[16/Aug/2023 07:08:29] "GET /customize.php HTTP/1.1" 404 6528
Not Found: /xzourt.php
[16/Aug/2023 07:08:29] "GET /xzourt.php HTTP/1.1" 404 6519
Not Found: /credits.php
[16/Aug/2023 07:08:29] "GET /credits.php HTTP/1.1" 404 6522
Not Found: /users.php
[16/Aug/2023 07:08:30] "GET /users.php HTTP/1.1" 404 6516
Not Found: /edit-comments.php
[16/Aug/2023 07:08:30] "GET /edit-comments.php HTTP/1.1" 404 6540
Not Found: /term.php
[16/Aug/2023 07:08:30] "GET /term.php HTTP/1.1" 404 6513
Not Found: /text.php
[16/Aug/2023 07:08:31] "GET /text.php HTTP/1.1" 404 6513
Not Found: /themes.php
[16/Aug/2023 07:08:31] "GET /themes.php HTTP/1.1" 404 6519
Not Found: /tools.php
[16/Aug/2023 07:08:31] "GET /tools.php HTTP/1.1" 404 6516
Not Found: /tron.php
[16/Aug/2023 07:08:31] "GET /tron.php HTTP/1.1" 404 6513
Not Found: /home.php
[16/Aug/2023 07:08:31] "GET /home.php?xsec=team HTTP/1.1" 404 6523
Not Found: /wp-includes/home.php
[16/Aug/2023 07:08:31] "GET /wp-includes/home.php?xsec=team HTTP/1.1" 404 6559
Not Found: /wp-content/home.php
[16/Aug/2023 07:08:31] "GET /wp-content/home.php?xsec=team HTTP/1.1" 404 6556
Not Found: /wp-admin/home.php
[16/Aug/2023 07:08:32] "GET /wp-admin/home.php?xsec=team HTTP/1.1" 404 6550
Not Found: /wp-content/plugins/core-stab/casper.php
[16/Aug/2023 07:08:32] "GET /wp-content/plugins/core-stab/casper.php HTTP/1.1" 404 6606
Not Found: /wp-content/themes/classic/inc/casper.php
[16/Aug/2023 07:08:32] "GET /wp-content/themes/classic/inc/casper.php HTTP/1.1" 404 6609
Not Found: /wp-admin/css/colors/blue/CasperExV1.php
[16/Aug/2023 07:08:32] "GET /wp-admin/css/colors/blue/CasperExV1.php HTTP/1.1" 404 6606
Not Found: /wp-content/plugins/linkpreview/db.php
[16/Aug/2023 07:08:32] "GET /wp-content/plugins/linkpreview/db.php?u HTTP/1.1" 404 6602
Not Found: /wp-includes/random_compat/random_bytes_cyclone.php
[16/Aug/2023 07:08:32] "GET /wp-includes/random_compat/random_bytes_cyclone.php HTTP/1.1" 404 6639
Not Found: /R00T.php
[16/Aug/2023 07:08:33] "GET /R00T.php HTTP/1.1" 404 6513
Not Found: /wp-content/plugins/xsid/marijuana.php
[16/Aug/2023 07:08:34] "GET /wp-content/plugins/xsid/marijuana.php HTTP/1.1" 404 6600
Not Found: /wsu.php
[16/Aug/2023 07:08:34] "GET /wsu.php HTTP/1.1" 404 6510
Not Found: /wp-content/plugins/wordpresss3cll/up.php
[16/Aug/2023 07:08:34] "GET /wp-content/plugins/wordpresss3cll/up.php HTTP/1.1" 404 6609
Not Found: /wp-content/plugins/TOPXOH/wDR.php
[16/Aug/2023 07:08:34] "GET /wp-content/plugins/TOPXOH/wDR.php HTTP/1.1" 404 6588
Not Found: /wp-content/plugins/Cache/Cache.php
[16/Aug/2023 07:08:34] "GET /wp-content/plugins/Cache/Cache.php HTTP/1.1" 404 6591
Not Found: /wp-content/plugins/instabuilder2/cache/plugins/moon.php
[16/Aug/2023 07:08:35] "GET /wp-content/plugins/instabuilder2/cache/plugins/moon.php HTTP/1.1" 404 6654
Not Found: /wp-content/plugins/ioptimization/IOptimize.php
[16/Aug/2023 07:08:35] "GET /wp-content/plugins/ioptimization/IOptimize.php?rchk HTTP/1.1" 404 6632
Not Found: /wp-admin/wso112233.php
[16/Aug/2023 07:08:35] "GET /wp-admin/wso112233.php HTTP/1.1" 404 6555
Not Found: /wp-includes/wp-class.php
[16/Aug/2023 07:08:35] "GET /wp-includes/wp-class.php HTTP/1.1" 404 6561
Not Found: /406.php
[16/Aug/2023 07:08:35] "GET /406.php HTTP/1.1" 404 6510
Not Found: /wp-admin/css/colors/blue/uploader.php
[16/Aug/2023 07:08:35] "GET /wp-admin/css/colors/blue/uploader.php HTTP/1.1" 404 6600
Not Found: /wp-includes/sodium_compat/src/Core/Curve25519/Ge/wp_blog.php
[16/Aug/2023 07:08:35] "GET /wp-includes/sodium_compat/src/Core/Curve25519/Ge/wp_blog.php HTTP/1.1" 404 6669
Not Found: /wp-admin/network/db.php
[16/Aug/2023 07:08:36] "GET /wp-admin/network/db.php HTTP/1.1" 404 6558
Not Found: /0x.php
[16/Aug/2023 07:08:36] "GET /0x.php HTTP/1.1" 404 6507
Not Found: /wp-content/themes/welfare-charity/www.php
[16/Aug/2023 07:08:36] "GET /wp-content/themes/welfare-charity/www.php HTTP/1.1" 404 6612
Not Found: /wp-content/plugins/revslider/includes/page/index.php
[16/Aug/2023 07:08:36] "GET /wp-content/plugins/revslider/includes/page/index.php HTTP/1.1" 404 6645
Not Found: /wp-content/plugins/TOPXOH/wDR.php
[16/Aug/2023 07:08:36] "GET /wp-content/plugins/TOPXOH/wDR.php HTTP/1.1" 404 6588
Not Found: /wp-content/plugins/hellopress/wp_filemanager.php
[16/Aug/2023 07:08:36] "GET /wp-content/plugins/hellopress/wp_filemanager.php HTTP/1.1" 404 6633
Not Found: /wp-content/plugins/elementor/includes/settings/index.php
[16/Aug/2023 07:08:36] "GET /wp-content/plugins/elementor/includes/settings/index.php HTTP/1.1" 404 6657
Not Found: /wp-content/plugins/real/v.php
[16/Aug/2023 07:08:37] "GET /wp-content/plugins/real/v.php HTTP/1.1" 404 6576
Not Found: /d7.php
[16/Aug/2023 07:08:37] "GET /d7.php HTTP/1.1" 404 6507
Not Found: /rxr.php
[16/Aug/2023 07:08:37] "GET /rxr.php HTTP/1.1" 404 6510
Not Found: /wp-content/uploads/typehub/custom/.RxR.php
[16/Aug/2023 07:08:37] "GET /wp-content/uploads/typehub/custom/.RxR.php?cmd=up HTTP/1.1" 404 6622
Not Found: /wp-content/cong.php
[16/Aug/2023 07:08:37] "GET /wp-content/cong.php HTTP/1.1" 404 6546
Not Found: /wp-content/plugins/Cache/dropdown.php
[16/Aug/2023 07:08:37] "GET /wp-content/plugins/Cache/dropdown.php HTTP/1.1" 404 6600
Not Found: /ee.php
[16/Aug/2023 07:08:37] "GET /ee.php HTTP/1.1" 404 6507
Not Found: /wp-includes/wp-class.php
[16/Aug/2023 07:08:38] "GET /wp-includes/wp-class.php HTTP/1.1" 404 6561
Not Found: /xxl.php
[16/Aug/2023 07:08:38] "GET /xxl.php HTTP/1.1" 404 6510
Not Found: /wp-content/themes/finley/min.php
[16/Aug/2023 07:08:38] "GET /wp-content/themes/finley/min.php HTTP/1.1" 404 6585
Not Found: /wp-admin/dropdown.php
[16/Aug/2023 07:08:38] "GET /wp-admin/dropdown.php HTTP/1.1" 404 6552
Not Found: /wp-admin/wp_filemanager.php
[16/Aug/2023 07:08:38] "GET /wp-admin/wp_filemanager.php HTTP/1.1" 404 6570
Not Found: /wp-includes/wp_filemanager.php
[16/Aug/2023 07:08:39] "GET /wp-includes/wp_filemanager.php HTTP/1.1" 404 6579
Not Found: /wp-content/wp_filemanager.php
[16/Aug/2023 07:08:39] "GET /wp-content/wp_filemanager.php HTTP/1.1" 404 6576
Not Found: /wp_filemanager.php
[16/Aug/2023 07:08:39] "GET /wp_filemanager.php HTTP/1.1" 404 6543
Not Found: /wp-admin/network/subjects.php
[16/Aug/2023 07:08:39] "GET /wp-admin/network/subjects.php HTTP/1.1" 404 6576
Not Found: /wp-content/plugins/hellopress/wp_filemanager.php
[16/Aug/2023 07:08:39] "GET /wp-content/plugins/hellopress/wp_filemanager.php HTTP/1.1" 404 6633
Not Found: /wp-includes/blocks/table/int/tmpl/index.php
[16/Aug/2023 07:08:39] "GET /wp-includes/blocks/table/int/tmpl/index.php HTTP/1.1" 404 6618
Not Found: /repeater.php
[16/Aug/2023 07:08:39] "GET /repeater.php HTTP/1.1" 404 6525
Not Found: /wp-admin/css/colors/coffee/index.php
[16/Aug/2023 07:08:39] "GET /wp-admin/css/colors/coffee/index.php HTTP/1.1" 404 6597
Not Found: /style.php
[16/Aug/2023 07:08:40] "GET /style.php HTTP/1.1" 404 6516
Not Found: /wp-admin/includes/users.php
[16/Aug/2023 07:08:40] "GET /wp-admin/includes/users.php HTTP/1.1" 404 6570
Not Found: /wp-admin/users.php
[16/Aug/2023 07:08:40] "GET /wp-admin/users.php HTTP/1.1" 404 6543
Not Found: /wp-content/plugins/revslider/includes/external/page/index.php
[16/Aug/2023 07:08:40] "GET /wp-content/plugins/revslider/includes/external/page/index.php HTTP/1.1" 404 6672
[16/Aug/2023 07:11:09] "GET / HTTP/1.1" 200 1515
[16/Aug/2023 07:17:20] "GET / HTTP/1.1" 200 1515
[16/Aug/2023 07:28:49] "GET / HTTP/1.1" 200 1515
