Watching for file changes with StatReloader
[19/Jul/2023 19:18:38] "GET / HTTP/1.1" 200 1515
[19/Jul/2023 20:06:22] "GET / HTTP/1.1" 200 1515
[19/Jul/2023 20:08:03] "GET / HTTP/1.1" 200 1515
[19/Jul/2023 20:08:03] "GET / HTTP/1.1" 200 1515
[19/Jul/2023 20:08:03] "GET / HTTP/1.1" 200 1515
[19/Jul/2023 20:08:03] "GET / HTTP/1.1" 200 1515
[19/Jul/2023 20:08:03] "GET / HTTP/1.1" 200 1515
[19/Jul/2023 20:08:03] "GET / HTTP/1.1" 200 1515
[19/Jul/2023 20:08:06] "GET / HTTP/1.1" 200 1515
[19/Jul/2023 20:08:06] "GET / HTTP/1.1" 200 1515
[19/Jul/2023 20:08:06] "GET / HTTP/1.1" 200 1515
[19/Jul/2023 20:08:06] "GET / HTTP/1.1" 200 1515
[19/Jul/2023 20:08:06] "GET / HTTP/1.1" 200 1515
[19/Jul/2023 20:10:38] "GET / HTTP/1.1" 200 1515
Not Found: /favicon.ico
[19/Jul/2023 20:10:38] "GET /favicon.ico HTTP/1.1" 404 6513
Not Found: /1.php
[19/Jul/2023 20:10:38] "GET /1.php HTTP/1.1" 404 6495
Not Found: /bundle.js
[19/Jul/2023 20:10:38] "GET /bundle.js HTTP/1.1" 404 6507
Not Found: /files/
[19/Jul/2023 20:10:39] "GET /files/ HTTP/1.1" 404 6498
