Watching for file changes with StatReloader
[23/Jul/2023 00:18:36] "GET / HTTP/1.1" 200 1515
Not Found: /favicon.ico
[23/Jul/2023 00:22:49] "GET /favicon.ico HTTP/1.1" 404 6513
[23/Jul/2023 00:41:51] "GET /admin/config.php HTTP/1.1" 302 0
[23/Jul/2023 00:41:52] "GET /admin/login/?next=/admin/config.php HTTP/1.1" 200 4296
Not Found: /robots.txt
[23/Jul/2023 00:44:30] "GET /robots.txt HTTP/1.1" 404 6503
Not Found: /humans.txt
[23/Jul/2023 00:44:30] "GET /humans.txt HTTP/1.1" 404 6503
Not Found: /ads.txt
[23/Jul/2023 00:44:30] "GET /ads.txt HTTP/1.1" 404 6494
[23/Jul/2023 00:44:31] "GET / HTTP/1.1" 200 1515
Not Found: /portal/redlion
[23/Jul/2023 00:49:38] "GET /portal/redlion HTTP/1.1" 404 6522
[23/Jul/2023 01:09:57] "GET / HTTP/1.1" 200 1515
Not Found: /client/get_targets
[23/Jul/2023 01:09:58] "GET /client/get_targets HTTP/1.1" 404 6534
Not Found: /1.php
[23/Jul/2023 01:09:58] "GET /1.php HTTP/1.1" 404 6495
Not Found: /bundle.js
[23/Jul/2023 01:09:59] "GET /bundle.js HTTP/1.1" 404 6507
Not Found: /files/
[23/Jul/2023 01:10:00] "GET /files/ HTTP/1.1" 404 6498
[23/Jul/2023 01:10:23] "GET / HTTP/1.1" 200 1515
Not Found: /druid/index.html
[23/Jul/2023 01:11:17] "GET /druid/index.html HTTP/1.1" 404 6528
