Watching for file changes with StatReloader
[19/Jul/2023 00:19:25] "GET / HTTP/1.1" 200 1530
[19/Jul/2023 00:19:25] "GET /staticfiles/images/logo_NTTCS_CF.jpg HTTP/1.1" 200 20664
[19/Jul/2023 00:22:08] "GET / HTTP/1.1" 200 1530
Not Found: /payment/index.php
[19/Jul/2023 00:22:08] "GET /payment/index.php HTTP/1.1" 404 6529
[19/Jul/2023 00:22:29] "GET / HTTP/1.1" 200 1530
Not Found: /nice ports,/Trinity.txt.bak
[19/Jul/2023 00:22:29] "GET /nice%20ports,/Trinity.txt.bak HTTP/1.0" 404 6562
[19/Jul/2023 00:22:29] "GET / HTTP/1.0" 200 1530
[19/Jul/2023 00:22:29] "OPTIONS / HTTP/1.0" 200 0
Not Found: /nice ports,/Trinity.txt.bak
[19/Jul/2023 00:22:44] "GET /nice%20ports,/Trinity.txt.bak HTTP/1.0" 404 6562
[19/Jul/2023 00:22:45] "GET / HTTP/1.0" 200 1530
[19/Jul/2023 00:22:45] "OPTIONS / HTTP/1.0" 200 0
Not Found: /robots.txt
[19/Jul/2023 00:23:16] "GET /robots.txt HTTP/1.1" 404 6508
[19/Jul/2023 00:23:17] "GET / HTTP/1.1" 200 1530
[19/Jul/2023 00:23:38] "GET / HTTP/1.1" 200 1530
Not Found: /robots.txt
[19/Jul/2023 00:28:35] "GET /robots.txt HTTP/1.1" 404 6503
Not Found: /robots.txt
[19/Jul/2023 00:28:36] "GET /robots.txt HTTP/1.1" 404 6503
