Watching for file changes with StatReloader
[30/Jun/2023 13:57:13] "POST /MantenimientoMapeoMarcos/ HTTP/1.1" 200 84110
[30/Jun/2023 13:57:13] "GET /staticfiles/css/main.css HTTP/1.1" 304 0
[30/Jun/2023 13:57:17] "POST /MantenimientoMapeoMarcos/ HTTP/1.1" 200 12473
[30/Jun/2023 13:57:19] "POST /MantenimientoMapeoMarcos/ HTTP/1.1" 200 12473
[30/Jun/2023 13:57:21] "POST /MantenimientoMapeoMarcos/ HTTP/1.1" 200 12473
[30/Jun/2023 13:57:32] "POST /MantenimientoMapeoMarcos/ HTTP/1.1" 200 84289
[30/Jun/2023 13:57:43] "POST /MantenimientoMapeoMarcos/ HTTP/1.1" 200 12468
[30/Jun/2023 13:57:45] "GET /MantenimientoMapeoMarcos/EliminarMapeo/ HTTP/1.1" 302 0
[30/Jun/2023 13:57:45] "GET /MantenimientoMapeoMarcos/ HTTP/1.1" 200 12491
[30/Jun/2023 13:57:49] "POST /MantenimientoMapeoMarcos/ HTTP/1.1" 200 84289
[30/Jun/2023 13:58:24] "POST /MantenimientoMapeoMarcos/ HTTP/1.1" 200 84289
[30/Jun/2023 13:58:46] "GET / HTTP/1.1" 200 1768
[30/Jun/2023 13:58:51] "GET /MantenimientoMapeoMarcos/ HTTP/1.1" 200 12491
[30/Jun/2023 13:58:53] "POST /MantenimientoMapeoMarcos/ HTTP/1.1" 200 84289
[30/Jun/2023 13:58:59] "POST /MantenimientoMapeoMarcos/ HTTP/1.1" 200 12468
[30/Jun/2023 13:59:02] "GET /MantenimientoMapeoMarcos/EliminarMapeo/ HTTP/1.1" 302 0
[30/Jun/2023 13:59:02] "GET /MantenimientoMapeoMarcos/ HTTP/1.1" 200 12491
[30/Jun/2023 13:59:04] "POST /MantenimientoMapeoMarcos/ HTTP/1.1" 200 84289
[30/Jun/2023 13:59:18] "POST /MantenimientoMapeoMarcos/ HTTP/1.1" 200 84289
[30/Jun/2023 13:59:51] "POST /MantenimientoMapeoMarcos/ HTTP/1.1" 200 12468
[30/Jun/2023 13:59:54] "GET /MantenimientoMapeoMarcos/EliminarMapeo/ HTTP/1.1" 302 0
[30/Jun/2023 13:59:54] "GET /MantenimientoMapeoMarcos/ HTTP/1.1" 200 12491
C:\Users\administrator\Documents\NTTCS_Control_Framework\NTTCS_CF_project\homepage\views.py changed, reloading.
Performing system checks...

System check identified no issues (0 silenced).
June 30, 2023 - 13:57:13
Django version 4.2.2, using settings 'NTTCS_CF_project.settings'
Starting development server at http://127.0.0.1:19296/
Quit the server with CTRL-BREAK.

Watching for file changes with StatReloader
