Watching for file changes with StatReloader
[15/Aug/2023 10:35:18] "GET / HTTP/1.1" 200 1515
Not Found: /robots.txt
[15/Aug/2023 10:35:48] "GET /robots.txt HTTP/1.1" 404 6519
Not Found: /website/info
[15/Aug/2023 10:35:48] "GET /website/info HTTP/1.1" 404 6525
Not Found: /blog/news-2
[15/Aug/2023 10:35:59] "GET /blog/news-2 HTTP/1.1" 404 6522
Not Found: /web/login
[15/Aug/2023 10:36:09] "GET /web/login HTTP/1.1" 404 6516
Not Found: /web/reset_password
[15/Aug/2023 10:36:19] "GET /web/reset_password HTTP/1.1" 404 6543
Not Found: /contactenos
[15/Aug/2023 10:36:30] "GET /contactenos HTTP/1.1" 404 6522
[15/Aug/2023 10:56:04] "GET / HTTP/1.1" 200 1515
[15/Aug/2023 11:16:17] "GET / HTTP/1.1" 200 1515
Not Found: /robots.txt
[15/Aug/2023 11:17:51] "GET /robots.txt HTTP/1.1" 404 6519
[15/Aug/2023 11:25:01] "GET / HTTP/1.1" 200 1515
[15/Aug/2023 11:26:20] "HEAD /staticfiles/images/logo_NTTCS_CF.jpg HTTP/1.1" 200 0
[15/Aug/2023 11:26:20] "GET /staticfiles/css/main.css HTTP/1.1" 200 11099
[15/Aug/2023 11:26:20] "GET /staticfiles/css/botones.css HTTP/1.1" 200 842
[15/Aug/2023 11:26:20] "GET /staticfiles/css/estilos.css HTTP/1.1" 200 8262
[15/Aug/2023 11:26:29] "GET /staticfiles/images/logo_NTTCS_CF.jpg HTTP/1.1" 200 20664
[15/Aug/2023 11:28:08] "GET / HTTP/1.1" 200 1515
