Watching for file changes with StatReloader
Not Found: /upl.php
[23/Jul/2023 06:54:21] "GET /upl.php HTTP/1.1" 404 6501
Not Found: /geoip/
[23/Jul/2023 06:54:22] "GET /geoip/ HTTP/1.1" 404 6498
[23/Jul/2023 06:54:23] "GET / HTTP/1.1" 200 1515
Not Found: /favicon.ico
[23/Jul/2023 06:54:24] "GET /favicon.ico HTTP/1.1" 404 6513
Not Found: /1.php
[23/Jul/2023 06:54:24] "GET /1.php HTTP/1.1" 404 6495
Not Found: /bundle.js
[23/Jul/2023 06:54:25] "GET /bundle.js HTTP/1.1" 404 6507
Not Found: /files/
[23/Jul/2023 06:54:25] "GET /files/ HTTP/1.1" 404 6498
[23/Jul/2023 07:00:04] "GET / HTTP/1.1" 200 1515
Not Found: /e
[23/Jul/2023 07:21:09] "GET /e?m=aa HTTP/1.1" 404 6488
Not Found: /favicon.ico
[23/Jul/2023 07:21:09] "GET /favicon.ico HTTP/1.1" 404 6513
[23/Jul/2023 07:30:41] "GET / HTTP/1.0" 200 1515
[23/Jul/2023 07:30:41] "OPTIONS / HTTP/1.0" 200 0
[23/Jul/2023 07:30:53] "GET /?=PHPE9568F36-D428-11d2-A769-00AA001ACF42 HTTP/1.1" 200 1515
Not Found: /scripts/WPnBr.dll
[23/Jul/2023 07:30:53] "POST /scripts/WPnBr.dll HTTP/1.1" 404 6567
Not Found: /.git/HEAD
Not Found: /CSS/Miniweb.css
[23/Jul/2023 07:30:53] "GET /.git/HEAD HTTP/1.1" 404 6542
[23/Jul/2023 07:30:53] "GET / HTTP/1.1" 200 1515
Not Found: /Portal/Portal.mwsl
[23/Jul/2023 07:30:53] "GET /CSS/Miniweb.css HTTP/1.1" 404 6560
Not Found: /Q2fs
[23/Jul/2023 07:30:53] "GET /Portal/Portal.mwsl HTTP/1.1" 404 6569
Not Found: /nmaplowercheck1690090253
[23/Jul/2023 07:30:53] "GET /Q2fs HTTP/1.1" 404 6527
[23/Jul/2023 07:30:53] "GET /nmaplowercheck1690090253 HTTP/1.1" 404 6587
[23/Jul/2023 07:30:53] "GET /?=PHPB8B5F2A0-3C92-11d3-A3A9-4C7B08C10000 HTTP/1.1" 200 1515
Not Found: /docs/cplugError.html/
[23/Jul/2023 07:30:53] "GET /docs/cplugError.html/ HTTP/1.1" 404 6578
Not Found: /pools/default/buckets
[23/Jul/2023 07:30:53] "GET /pools/default/buckets HTTP/1.1" 404 6578
[23/Jul/2023 07:30:53] "GET /staticfiles/images/logo_NTTCS_CF.jpg HTTP/1.1" 200 20664
[23/Jul/2023 07:30:53] "GET / HTTP/1.1" 200 1515
Not Found: /HNAP1
[23/Jul/2023 07:30:53] "GET /HNAP1 HTTP/1.1" 404 6530
[23/Jul/2023 07:30:53] "GET / HTTP/1.1" 200 1515
[23/Jul/2023 07:30:53] "GET / HTTP/1.0" 200 1515
Not Found: /menu.shtml
[23/Jul/2023 07:30:53] "GET /menu.shtml HTTP/1.1" 404 6545
Not Found: /pools
[23/Jul/2023 07:30:53] "GET /pools HTTP/1.1" 404 6530
[23/Jul/2023 07:30:53] "HEAD / HTTP/1.1" 200 0
Not Found: /Portal0000.htm
[23/Jul/2023 07:30:53] "GET /Portal0000.htm HTTP/1.1" 404 6557
Not Found: /inicio.cfm
Not Found: /sdk
[23/Jul/2023 07:30:53] "GET /inicio.cfm HTTP/1.1" 404 6545
[23/Jul/2023 07:30:53] "POST /sdk HTTP/1.1" 404 6525
Not Found: /__Additional
[23/Jul/2023 07:30:53] "GET /__Additional HTTP/1.1" 404 6551
[23/Jul/2023 07:30:54] "GET / HTTP/1.1" 200 1515
Not Found: /indice.pl
[23/Jul/2023 07:30:54] "GET /indice.pl HTTP/1.1" 404 6542
Not Found: /indice.jhtml
[23/Jul/2023 07:30:54] "GET /indice.jhtml HTTP/1.1" 404 6551
Not Found: /home.cgi
[23/Jul/2023 07:30:54] "GET /home.cgi HTTP/1.1" 404 6539
Not Found: /localstart.jsp
[23/Jul/2023 07:30:54] "GET /localstart.jsp HTTP/1.1" 404 6557
Not Found: /home.pl
[23/Jul/2023 07:30:54] "GET /home.pl HTTP/1.1" 404 6536
Not Found: /main.cfm
[23/Jul/2023 07:30:54] "GET /main.cfm HTTP/1.1" 404 6539
Not Found: /menu.cgi
[23/Jul/2023 07:30:55] "GET /menu.cgi HTTP/1.1" 404 6539
Not Found: /default.cgi
[23/Jul/2023 07:30:55] "GET /default.cgi HTTP/1.1" 404 6548
Not Found: /admin.aspx
[23/Jul/2023 07:30:55] "GET /admin.aspx HTTP/1.1" 404 6545
Not Found: /admin.jhtml
[23/Jul/2023 07:30:55] "GET /admin.jhtml HTTP/1.1" 404 6548
Not Found: /readme.txt
[23/Jul/2023 07:30:55] "GET /readme.txt HTTP/1.1" 404 6545
Not Found: /inicio.html
[23/Jul/2023 07:30:55] "GET /inicio.html HTTP/1.1" 404 6548
Not Found: /inicio.pl
[23/Jul/2023 07:30:56] "GET /inicio.pl HTTP/1.1" 404 6542
Not Found: /localstart.jsa
[23/Jul/2023 07:30:56] "GET /localstart.jsa HTTP/1.1" 404 6557
Not Found: /menu.php
[23/Jul/2023 07:30:56] "GET /menu.php HTTP/1.1" 404 6539
Not Found: /admin.pl
[23/Jul/2023 07:30:56] "GET /admin.pl HTTP/1.1" 404 6539
Not Found: /home.php
[23/Jul/2023 07:30:56] "GET /home.php HTTP/1.1" 404 6539
Not Found: /base.html
[23/Jul/2023 07:30:56] "GET /base.html HTTP/1.1" 404 6542
Not Found: /admin.html
[23/Jul/2023 07:30:57] "GET /admin.html HTTP/1.1" 404 6545
Not Found: /admin.jsa
[23/Jul/2023 07:30:57] "GET /admin.jsa HTTP/1.1" 404 6542
Not Found: /admin.jsp
[23/Jul/2023 07:30:57] "GET /admin.jsp HTTP/1.1" 404 6542
Not Found: /menu.jhtml
[23/Jul/2023 07:30:57] "GET /menu.jhtml HTTP/1.1" 404 6545
Not Found: /indice.shtml
[23/Jul/2023 07:30:57] "GET /indice.shtml HTTP/1.1" 404 6551
Not Found: /default.jsp
[23/Jul/2023 07:30:57] "GET /default.jsp HTTP/1.1" 404 6548
Not Found: /admin.cgi
[23/Jul/2023 07:30:58] "GET /admin.cgi HTTP/1.1" 404 6542
Not Found: /main.php
[23/Jul/2023 07:30:58] "GET /main.php HTTP/1.1" 404 6539
Not Found: /robots.txt
[23/Jul/2023 07:30:58] "GET /robots.txt HTTP/1.1" 404 6545
Not Found: /start.html
[23/Jul/2023 07:30:58] "GET /start.html HTTP/1.1" 404 6545
Not Found: /home.aspx
[23/Jul/2023 07:30:58] "GET /home.aspx HTTP/1.1" 404 6542
Not Found: /localstart.cgi
[23/Jul/2023 07:30:58] "GET /localstart.cgi HTTP/1.1" 404 6557
Not Found: /admin.cfm
[23/Jul/2023 07:30:59] "GET /admin.cfm HTTP/1.1" 404 6542
Not Found: /admin.asp
[23/Jul/2023 07:30:59] "GET /admin.asp HTTP/1.1" 404 6542
Not Found: /default.jsa
[23/Jul/2023 07:30:59] "GET /default.jsa HTTP/1.1" 404 6548
Not Found: /base.shtml
[23/Jul/2023 07:30:59] "GET /base.shtml HTTP/1.1" 404 6545
Not Found: /base.pl
[23/Jul/2023 07:30:59] "GET /base.pl HTTP/1.1" 404 6536
Not Found: /localstart.jhtml
[23/Jul/2023 07:30:59] "GET /localstart.jhtml HTTP/1.1" 404 6563
Not Found: /menu.aspx
[23/Jul/2023 07:31:00] "GET /menu.aspx HTTP/1.1" 404 6542
Not Found: /base.jsp
[23/Jul/2023 07:31:00] "GET /base.jsp HTTP/1.1" 404 6539
Not Found: /base.jsa
[23/Jul/2023 07:31:00] "GET /base.jsa HTTP/1.1" 404 6539
Not Found: /base.jhtml
[23/Jul/2023 07:31:00] "GET /base.jhtml HTTP/1.1" 404 6545
Not Found: /menu.asp
[23/Jul/2023 07:31:00] "GET /menu.asp HTTP/1.1" 404 6539
Not Found: /base.inc
[23/Jul/2023 07:31:00] "GET /base.inc HTTP/1.1" 404 6539
Not Found: /inicio.asp
[23/Jul/2023 07:31:01] "GET /inicio.asp HTTP/1.1" 404 6545
Not Found: /base.cgi
[23/Jul/2023 07:31:01] "GET /base.cgi HTTP/1.1" 404 6539
Not Found: /home.cfm
[23/Jul/2023 07:31:01] "GET /home.cfm HTTP/1.1" 404 6539
Not Found: /admin.php
[23/Jul/2023 07:31:01] "GET /admin.php HTTP/1.1" 404 6542
Not Found: /main.asp
[23/Jul/2023 07:31:01] "GET /main.asp HTTP/1.1" 404 6539
Not Found: /default.html
[23/Jul/2023 07:31:02] "GET /default.html HTTP/1.1" 404 6551
Not Found: /index.jhtml
[23/Jul/2023 07:31:02] "GET /index.jhtml HTTP/1.1" 404 6548
Not Found: /start.jsa
[23/Jul/2023 07:31:02] "GET /start.jsa HTTP/1.1" 404 6542
Not Found: /localstart.pl
[23/Jul/2023 07:31:02] "GET /localstart.pl HTTP/1.1" 404 6554
Not Found: /menu.html
[23/Jul/2023 07:31:02] "GET /menu.html HTTP/1.1" 404 6542
Not Found: /base.cfm
[23/Jul/2023 07:31:02] "GET /base.cfm HTTP/1.1" 404 6539
Not Found: /default.jhtml
[23/Jul/2023 07:31:03] "GET /default.jhtml HTTP/1.1" 404 6554
Not Found: /default.php
[23/Jul/2023 07:31:03] "GET /default.php HTTP/1.1" 404 6548
Not Found: /index.php
[23/Jul/2023 07:31:03] "GET /index.php HTTP/1.1" 404 6542
Not Found: /base.asp
[23/Jul/2023 07:31:03] "GET /base.asp HTTP/1.1" 404 6539
Not Found: /home.jsa
[23/Jul/2023 07:31:03] "GET /home.jsa HTTP/1.1" 404 6539
Not Found: /index.jsa
[23/Jul/2023 07:31:03] "GET /index.jsa HTTP/1.1" 404 6542
Not Found: /start.cfm
[23/Jul/2023 07:31:04] "GET /start.cfm HTTP/1.1" 404 6542
Not Found: /home.shtml
[23/Jul/2023 07:31:04] "GET /home.shtml HTTP/1.1" 404 6545
Not Found: /localstart.html
[23/Jul/2023 07:31:04] "GET /localstart.html HTTP/1.1" 404 6560
Not Found: /indice.jsp
[23/Jul/2023 07:31:04] "GET /indice.jsp HTTP/1.1" 404 6545
Not Found: /indice.jsa
[23/Jul/2023 07:31:04] "GET /indice.jsa HTTP/1.1" 404 6545
Not Found: /default.asp
[23/Jul/2023 07:31:04] "GET /default.asp HTTP/1.1" 404 6548
Not Found: /indice.html
[23/Jul/2023 07:31:04] "GET /indice.html HTTP/1.1" 404 6548
Not Found: /home.jhtml
[23/Jul/2023 07:31:04] "GET /home.jhtml HTTP/1.1" 404 6545
Not Found: /indice.cgi
[23/Jul/2023 07:31:04] "GET /indice.cgi HTTP/1.1" 404 6545
Not Found: /menu.jsa
[23/Jul/2023 07:31:04] "GET /menu.jsa HTTP/1.1" 404 6539
Not Found: /indice.cfm
[23/Jul/2023 07:31:05] "GET /indice.cfm HTTP/1.1" 404 6545
Not Found: /indice.aspx
[23/Jul/2023 07:31:05] "GET /indice.aspx HTTP/1.1" 404 6548
Not Found: /main.aspx
[23/Jul/2023 07:31:05] "GET /main.aspx HTTP/1.1" 404 6542
Not Found: /main.pl
[23/Jul/2023 07:31:05] "GET /main.pl HTTP/1.1" 404 6536
Not Found: /localstart.cfm
[23/Jul/2023 07:31:05] "GET /localstart.cfm HTTP/1.1" 404 6557
Not Found: /main.shtml
[23/Jul/2023 07:31:05] "GET /main.shtml HTTP/1.1" 404 6545
Not Found: /localstart.aspx
[23/Jul/2023 07:31:05] "GET /localstart.aspx HTTP/1.1" 404 6560
Not Found: /inicio.shtml
[23/Jul/2023 07:31:05] "GET /inicio.shtml HTTP/1.1" 404 6551
Not Found: /main.cgi
[23/Jul/2023 07:31:05] "GET /main.cgi HTTP/1.1" 404 6539
Not Found: /inicio.php
[23/Jul/2023 07:31:05] "GET /inicio.php HTTP/1.1" 404 6545
Not Found: /start.cgi
[23/Jul/2023 07:31:05] "GET /start.cgi HTTP/1.1" 404 6542
Not Found: /inicio.jhtml
[23/Jul/2023 07:31:05] "GET /inicio.jhtml HTTP/1.1" 404 6551
Not Found: /main.html
[23/Jul/2023 07:31:06] "GET /main.html HTTP/1.1" 404 6542
Not Found: /inicio.jsp
[23/Jul/2023 07:31:06] "GET /inicio.jsp HTTP/1.1" 404 6545
Not Found: /menu.pl
[23/Jul/2023 07:31:06] "GET /menu.pl HTTP/1.1" 404 6536
Not Found: /inicio.jsa
[23/Jul/2023 07:31:06] "GET /inicio.jsa HTTP/1.1" 404 6545
Not Found: /home.html
[23/Jul/2023 07:31:06] "GET /home.html HTTP/1.1" 404 6542
Not Found: /home.asp
[23/Jul/2023 07:31:06] "GET /home.asp HTTP/1.1" 404 6539
Not Found: /default.aspx
[23/Jul/2023 07:31:06] "GET /default.aspx HTTP/1.1" 404 6551
Not Found: /menu.jsp
[23/Jul/2023 07:31:06] "GET /menu.jsp HTTP/1.1" 404 6539
Not Found: /inicio.cgi
[23/Jul/2023 07:31:06] "GET /inicio.cgi HTTP/1.1" 404 6545
Not Found: /inicio.aspx
[23/Jul/2023 07:31:06] "GET /inicio.aspx HTTP/1.1" 404 6548
Not Found: /localstart.shtml
[23/Jul/2023 07:31:06] "GET /localstart.shtml HTTP/1.1" 404 6563
Not Found: /menu.cfm
[23/Jul/2023 07:31:06] "GET /menu.cfm HTTP/1.1" 404 6539
Not Found: /localstart.php
[23/Jul/2023 07:31:07] "GET /localstart.php HTTP/1.1" 404 6557
Not Found: /home.jsp
[23/Jul/2023 07:31:07] "GET /home.jsp HTTP/1.1" 404 6539
Not Found: /base.php
[23/Jul/2023 07:31:07] "GET /base.php HTTP/1.1" 404 6539
Not Found: /indice.php
[23/Jul/2023 07:31:07] "GET /indice.php HTTP/1.1" 404 6545
Not Found: /indice.asp
[23/Jul/2023 07:31:07] "GET /indice.asp HTTP/1.1" 404 6545
Not Found: /index.pl
[23/Jul/2023 07:31:07] "GET /index.pl HTTP/1.1" 404 6539
Not Found: /localstart.asp
[23/Jul/2023 07:31:07] "GET /localstart.asp HTTP/1.1" 404 6557
Not Found: /start.php
[23/Jul/2023 07:31:07] "GET /start.php HTTP/1.1" 404 6542
Not Found: /start.shtml
[23/Jul/2023 07:31:07] "GET /start.shtml HTTP/1.1" 404 6548
Not Found: /start.pl
[23/Jul/2023 07:31:07] "GET /start.pl HTTP/1.1" 404 6539
Not Found: /start.jsp
[23/Jul/2023 07:31:08] "GET /start.jsp HTTP/1.1" 404 6542
Not Found: /index.cgi
[23/Jul/2023 07:31:08] "GET /index.cgi HTTP/1.1" 404 6542
Not Found: /index.html
[23/Jul/2023 07:31:08] "GET /index.html HTTP/1.1" 404 6545
Not Found: /index.asp
[23/Jul/2023 07:31:08] "GET /index.asp HTTP/1.1" 404 6542
Not Found: /index.shtml
[23/Jul/2023 07:31:08] "GET /index.shtml HTTP/1.1" 404 6548
Not Found: /start.jhtml
[23/Jul/2023 07:31:08] "GET /start.jhtml HTTP/1.1" 404 6548
Not Found: /base.aspx
[23/Jul/2023 07:31:08] "GET /base.aspx HTTP/1.1" 404 6542
Not Found: /main.jsp
[23/Jul/2023 07:31:08] "GET /main.jsp HTTP/1.1" 404 6539
Not Found: /index.cfm
[23/Jul/2023 07:31:08] "GET /index.cfm HTTP/1.1" 404 6542
Not Found: /default.cfm
[23/Jul/2023 07:31:08] "GET /default.cfm HTTP/1.1" 404 6548
Not Found: /start.aspx
[23/Jul/2023 07:31:08] "GET /start.aspx HTTP/1.1" 404 6545
Not Found: /start.asp
[23/Jul/2023 07:31:09] "GET /start.asp HTTP/1.1" 404 6542
Not Found: /index.aspx
[23/Jul/2023 07:31:09] "GET /index.aspx HTTP/1.1" 404 6545
Not Found: /default.pl
[23/Jul/2023 07:31:09] "GET /default.pl HTTP/1.1" 404 6545
Not Found: /default.shtml
[23/Jul/2023 07:31:09] "GET /default.shtml HTTP/1.1" 404 6554
Not Found: /main.jsa
[23/Jul/2023 07:31:09] "GET /main.jsa HTTP/1.1" 404 6539
Not Found: /index.jsp
[23/Jul/2023 07:31:09] "GET /index.jsp HTTP/1.1" 404 6542
Not Found: /main.jhtml
[23/Jul/2023 07:31:09] "GET /main.jhtml HTTP/1.1" 404 6545
Not Found: /admin.shtml
[23/Jul/2023 07:31:09] "GET /admin.shtml HTTP/1.1" 404 6548
[23/Jul/2023 07:31:09] "GET / HTTP/1.0" 200 1515
[23/Jul/2023 07:31:09] "GET / HTTP/1.1" 200 1515
[23/Jul/2023 07:46:06] "GET / HTTP/1.0" 200 1515
[23/Jul/2023 07:46:06] "OPTIONS / HTTP/1.0" 200 0
[23/Jul/2023 07:46:18] "GET / HTTP/1.0" 200 1515
[23/Jul/2023 07:46:18] "HEAD / HTTP/1.1" 200 0
[23/Jul/2023 07:46:18] "GET /?=PHPE9568F36-D428-11d2-A769-00AA001ACF42 HTTP/1.1" 200 1515
Not Found: /Portal/Portal.mwsl
[23/Jul/2023 07:46:18] "GET /Portal/Portal.mwsl HTTP/1.1" 404 6569
[23/Jul/2023 07:46:18] "GET / HTTP/1.1" 200 1515
Not Found: /Portal0000.htm
[23/Jul/2023 07:46:18] "GET /Portal0000.htm HTTP/1.1" 404 6557
Not Found: /.git/HEAD
Not Found: /scripts/WPnBr.dll
Not Found: /nmaplowercheck1690091178
[23/Jul/2023 07:46:18] "GET /.git/HEAD HTTP/1.1" 404 6542
[23/Jul/2023 07:46:18] "POST /scripts/WPnBr.dll HTTP/1.1" 404 6567
[23/Jul/2023 07:46:18] "GET /nmaplowercheck1690091178 HTTP/1.1" 404 6587
Not Found: /CSS/Miniweb.css
[23/Jul/2023 07:46:18] "GET /CSS/Miniweb.css HTTP/1.1" 404 6560
[23/Jul/2023 07:46:18] "GET /?=PHPB8B5F2A0-3C92-11d3-A3A9-4C7B08C10000 HTTP/1.1" 200 1515
Not Found: /pools/default/buckets
Not Found: /__Additional
[23/Jul/2023 07:46:18] "GET /pools/default/buckets HTTP/1.1" 404 6578
Not Found: /docs/cplugError.html/
[23/Jul/2023 07:46:18] "GET /__Additional HTTP/1.1" 404 6551
[23/Jul/2023 07:46:18] "GET /docs/cplugError.html/ HTTP/1.1" 404 6578
[23/Jul/2023 07:46:18] "GET / HTTP/1.1" 200 1515
Not Found: /HNAP1
[23/Jul/2023 07:46:18] "GET /HNAP1 HTTP/1.1" 404 6530
Not Found: /sdk
[23/Jul/2023 07:46:18] "POST /sdk HTTP/1.1" 404 6525
Not Found: /sdk
Not Found: /pools
[23/Jul/2023 07:46:18] "POST /sdk HTTP/1.1" 404 6525
[23/Jul/2023 07:46:18] "GET /pools HTTP/1.1" 404 6530
Not Found: /d3Ov
[23/Jul/2023 07:46:18] "GET /d3Ov HTTP/1.1" 404 6527
[23/Jul/2023 07:46:19] "GET / HTTP/1.1" 200 1515
[23/Jul/2023 07:46:19] "GET /staticfiles/images/logo_NTTCS_CF.jpg HTTP/1.1" 200 20664
Not Found: /localstart.jsa
[23/Jul/2023 07:46:19] "GET /localstart.jsa HTTP/1.1" 404 6557
Not Found: /start.jhtml
[23/Jul/2023 07:46:19] "GET /start.jhtml HTTP/1.1" 404 6548
Not Found: /base.php
[23/Jul/2023 07:46:19] "GET /base.php HTTP/1.1" 404 6539
Not Found: /home.php
[23/Jul/2023 07:46:19] "GET /home.php HTTP/1.1" 404 6539
Not Found: /base.aspx
[23/Jul/2023 07:46:20] "GET /base.aspx HTTP/1.1" 404 6542
Not Found: /robots.txt
[23/Jul/2023 07:46:20] "GET /robots.txt HTTP/1.1" 404 6545
Not Found: /base.jsp
[23/Jul/2023 07:46:20] "GET /base.jsp HTTP/1.1" 404 6539
Not Found: /base.inc
[23/Jul/2023 07:46:20] "GET /base.inc HTTP/1.1" 404 6539
Not Found: /admin.jhtml
[23/Jul/2023 07:46:20] "GET /admin.jhtml HTTP/1.1" 404 6548
Not Found: /home.asp
[23/Jul/2023 07:46:20] "GET /home.asp HTTP/1.1" 404 6539
Not Found: /default.jsa
[23/Jul/2023 07:46:21] "GET /default.jsa HTTP/1.1" 404 6548
Not Found: /inicio.jsa
[23/Jul/2023 07:46:21] "GET /inicio.jsa HTTP/1.1" 404 6545
Not Found: /indice.jsa
[23/Jul/2023 07:46:21] "GET /indice.jsa HTTP/1.1" 404 6545
Not Found: /main.shtml
[23/Jul/2023 07:46:21] "GET /main.shtml HTTP/1.1" 404 6545
Not Found: /main.php
[23/Jul/2023 07:46:21] "GET /main.php HTTP/1.1" 404 6539
Not Found: /default.aspx
[23/Jul/2023 07:46:22] "GET /default.aspx HTTP/1.1" 404 6551
Not Found: /default.jhtml
[23/Jul/2023 07:46:22] "GET /default.jhtml HTTP/1.1" 404 6554
Not Found: /main.jsa
[23/Jul/2023 07:46:22] "GET /main.jsa HTTP/1.1" 404 6539
Not Found: /admin.pl
[23/Jul/2023 07:46:22] "GET /admin.pl HTTP/1.1" 404 6539
Not Found: /inicio.aspx
[23/Jul/2023 07:46:22] "GET /inicio.aspx HTTP/1.1" 404 6548
Not Found: /base.shtml
[23/Jul/2023 07:46:23] "GET /base.shtml HTTP/1.1" 404 6545
Not Found: /admin.jsp
[23/Jul/2023 07:46:23] "GET /admin.jsp HTTP/1.1" 404 6542
Not Found: /admin.jsa
[23/Jul/2023 07:46:23] "GET /admin.jsa HTTP/1.1" 404 6542
Not Found: /start.cgi
[23/Jul/2023 07:46:23] "GET /start.cgi HTTP/1.1" 404 6542
Not Found: /admin.shtml
[23/Jul/2023 07:46:24] "GET /admin.shtml HTTP/1.1" 404 6548
Not Found: /admin.html
[23/Jul/2023 07:46:24] "GET /admin.html HTTP/1.1" 404 6545
Not Found: /home.cgi
[23/Jul/2023 07:46:24] "GET /home.cgi HTTP/1.1" 404 6539
Not Found: /home.jsp
[23/Jul/2023 07:46:24] "GET /home.jsp HTTP/1.1" 404 6539
Not Found: /menu.jsa
[23/Jul/2023 07:46:24] "GET /menu.jsa HTTP/1.1" 404 6539
Not Found: /admin.cfm
[23/Jul/2023 07:46:25] "GET /admin.cfm HTTP/1.1" 404 6542
Not Found: /admin.aspx
[23/Jul/2023 07:46:25] "GET /admin.aspx HTTP/1.1" 404 6545
Not Found: /start.jsp
[23/Jul/2023 07:46:25] "GET /start.jsp HTTP/1.1" 404 6542
Not Found: /inicio.shtml
[23/Jul/2023 07:46:25] "GET /inicio.shtml HTTP/1.1" 404 6551
Not Found: /admin.asp
[23/Jul/2023 07:46:25] "GET /admin.asp HTTP/1.1" 404 6542
Not Found: /home.html
[23/Jul/2023 07:46:26] "GET /home.html HTTP/1.1" 404 6542
Not Found: /admin.php
[23/Jul/2023 07:46:26] "GET /admin.php HTTP/1.1" 404 6542
Not Found: /base.jhtml
[23/Jul/2023 07:46:26] "GET /base.jhtml HTTP/1.1" 404 6545
Not Found: /indice.cfm
[23/Jul/2023 07:46:26] "GET /indice.cfm HTTP/1.1" 404 6545
Not Found: /indice.jsp
[23/Jul/2023 07:46:26] "GET /indice.jsp HTTP/1.1" 404 6545
Not Found: /indice.cgi
[23/Jul/2023 07:46:27] "GET /indice.cgi HTTP/1.1" 404 6545
Not Found: /readme.txt
[23/Jul/2023 07:46:27] "GET /readme.txt HTTP/1.1" 404 6545
Not Found: /default.asp
[23/Jul/2023 07:46:27] "GET /default.asp HTTP/1.1" 404 6548
Not Found: /base.jsa
[23/Jul/2023 07:46:27] "GET /base.jsa HTTP/1.1" 404 6539
Not Found: /index.cgi
[23/Jul/2023 07:46:27] "GET /index.cgi HTTP/1.1" 404 6542
Not Found: /start.aspx
[23/Jul/2023 07:46:28] "GET /start.aspx HTTP/1.1" 404 6545
Not Found: /home.shtml
[23/Jul/2023 07:46:28] "GET /home.shtml HTTP/1.1" 404 6545
Not Found: /default.shtml
[23/Jul/2023 07:46:28] "GET /default.shtml HTTP/1.1" 404 6554
Not Found: /start.pl
[23/Jul/2023 07:46:28] "GET /start.pl HTTP/1.1" 404 6539
Not Found: /inicio.html
[23/Jul/2023 07:46:28] "GET /inicio.html HTTP/1.1" 404 6548
Not Found: /menu.php
[23/Jul/2023 07:46:29] "GET /menu.php HTTP/1.1" 404 6539
Not Found: /index.shtml
[23/Jul/2023 07:46:29] "GET /index.shtml HTTP/1.1" 404 6548
Not Found: /indice.aspx
[23/Jul/2023 07:46:29] "GET /indice.aspx HTTP/1.1" 404 6548
Not Found: /index.aspx
[23/Jul/2023 07:46:29] "GET /index.aspx HTTP/1.1" 404 6545
Not Found: /default.php
[23/Jul/2023 07:46:29] "GET /default.php HTTP/1.1" 404 6548
Not Found: /inicio.cgi
[23/Jul/2023 07:46:30] "GET /inicio.cgi HTTP/1.1" 404 6545
Not Found: /main.html
[23/Jul/2023 07:46:30] "GET /main.html HTTP/1.1" 404 6542
Not Found: /menu.jhtml
[23/Jul/2023 07:46:30] "GET /menu.jhtml HTTP/1.1" 404 6545
Not Found: /index.jsa
[23/Jul/2023 07:46:30] "GET /index.jsa HTTP/1.1" 404 6542
Not Found: /start.php
[23/Jul/2023 07:46:30] "GET /start.php HTTP/1.1" 404 6542
Not Found: /base.asp
[23/Jul/2023 07:46:31] "GET /base.asp HTTP/1.1" 404 6539
Not Found: /indice.shtml
[23/Jul/2023 07:46:31] "GET /indice.shtml HTTP/1.1" 404 6551
Not Found: /indice.pl
[23/Jul/2023 07:46:31] "GET /indice.pl HTTP/1.1" 404 6542
Not Found: /default.html
[23/Jul/2023 07:46:31] "GET /default.html HTTP/1.1" 404 6551
Not Found: /indice.php
[23/Jul/2023 07:46:31] "GET /indice.php HTTP/1.1" 404 6545
Not Found: /indice.jhtml
[23/Jul/2023 07:46:32] "GET /indice.jhtml HTTP/1.1" 404 6551
Not Found: /default.pl
[23/Jul/2023 07:46:32] "GET /default.pl HTTP/1.1" 404 6545
Not Found: /indice.html
[23/Jul/2023 07:46:32] "GET /indice.html HTTP/1.1" 404 6548
Not Found: /base.pl
[23/Jul/2023 07:46:32] "GET /base.pl HTTP/1.1" 404 6536
Not Found: /main.asp
[23/Jul/2023 07:46:32] "GET /main.asp HTTP/1.1" 404 6539
Not Found: /default.cgi
[23/Jul/2023 07:46:32] "GET /default.cgi HTTP/1.1" 404 6548
Not Found: /inicio.pl
[23/Jul/2023 07:46:32] "GET /inicio.pl HTTP/1.1" 404 6542
Not Found: /localstart.cgi
[23/Jul/2023 07:46:33] "GET /localstart.cgi HTTP/1.1" 404 6557
Not Found: /index.pl
[23/Jul/2023 07:46:33] "GET /index.pl HTTP/1.1" 404 6539
Not Found: /localstart.aspx
[23/Jul/2023 07:46:33] "GET /localstart.aspx HTTP/1.1" 404 6560
Not Found: /inicio.php
[23/Jul/2023 07:46:33] "GET /inicio.php HTTP/1.1" 404 6545
Not Found: /inicio.jsp
[23/Jul/2023 07:46:33] "GET /inicio.jsp HTTP/1.1" 404 6545
Not Found: /localstart.php
[23/Jul/2023 07:46:33] "GET /localstart.php HTTP/1.1" 404 6557
Not Found: /base.html
[23/Jul/2023 07:46:33] "GET /base.html HTTP/1.1" 404 6542
Not Found: /main.jhtml
[23/Jul/2023 07:46:33] "GET /main.jhtml HTTP/1.1" 404 6545
Not Found: /localstart.html
[23/Jul/2023 07:46:34] "GET /localstart.html HTTP/1.1" 404 6560
Not Found: /inicio.asp
[23/Jul/2023 07:46:34] "GET /inicio.asp HTTP/1.1" 404 6545
Not Found: /inicio.cfm
[23/Jul/2023 07:46:34] "GET /inicio.cfm HTTP/1.1" 404 6545
Not Found: /localstart.cfm
[23/Jul/2023 07:46:34] "GET /localstart.cfm HTTP/1.1" 404 6557
Not Found: /index.jsp
[23/Jul/2023 07:46:34] "GET /index.jsp HTTP/1.1" 404 6542
Not Found: /menu.cfm
[23/Jul/2023 07:46:34] "GET /menu.cfm HTTP/1.1" 404 6539
Not Found: /menu.jsp
[23/Jul/2023 07:46:34] "GET /menu.jsp HTTP/1.1" 404 6539
Not Found: /localstart.shtml
[23/Jul/2023 07:46:34] "GET /localstart.shtml HTTP/1.1" 404 6563
Not Found: /menu.cgi
[23/Jul/2023 07:46:35] "GET /menu.cgi HTTP/1.1" 404 6539
Not Found: /main.aspx
[23/Jul/2023 07:46:35] "GET /main.aspx HTTP/1.1" 404 6542
Not Found: /inicio.jhtml
[23/Jul/2023 07:46:35] "GET /inicio.jhtml HTTP/1.1" 404 6551
Not Found: /localstart.jsp
[23/Jul/2023 07:46:35] "GET /localstart.jsp HTTP/1.1" 404 6557
Not Found: /admin.cgi
[23/Jul/2023 07:46:35] "GET /admin.cgi HTTP/1.1" 404 6542
Not Found: /main.cfm
[23/Jul/2023 07:46:35] "GET /main.cfm HTTP/1.1" 404 6539
Not Found: /localstart.asp
[23/Jul/2023 07:46:35] "GET /localstart.asp HTTP/1.1" 404 6557
Not Found: /start.shtml
[23/Jul/2023 07:46:36] "GET /start.shtml HTTP/1.1" 404 6548
Not Found: /indice.asp
[23/Jul/2023 07:46:36] "GET /indice.asp HTTP/1.1" 404 6545
Not Found: /start.jsa
[23/Jul/2023 07:46:36] "GET /start.jsa HTTP/1.1" 404 6542
Not Found: /index.jhtml
[23/Jul/2023 07:46:36] "GET /index.jhtml HTTP/1.1" 404 6548
Not Found: /localstart.pl
[23/Jul/2023 07:46:36] "GET /localstart.pl HTTP/1.1" 404 6554
Not Found: /default.cfm
[23/Jul/2023 07:46:36] "GET /default.cfm HTTP/1.1" 404 6548
Not Found: /main.pl
[23/Jul/2023 07:46:36] "GET /main.pl HTTP/1.1" 404 6536
Not Found: /start.html
[23/Jul/2023 07:46:36] "GET /start.html HTTP/1.1" 404 6545
Not Found: /home.pl
[23/Jul/2023 07:46:37] "GET /home.pl HTTP/1.1" 404 6536
Not Found: /localstart.jhtml
[23/Jul/2023 07:46:37] "GET /localstart.jhtml HTTP/1.1" 404 6563
Not Found: /start.cfm
[23/Jul/2023 07:46:37] "GET /start.cfm HTTP/1.1" 404 6542
Not Found: /index.cfm
[23/Jul/2023 07:46:37] "GET /index.cfm HTTP/1.1" 404 6542
Not Found: /menu.aspx
[23/Jul/2023 07:46:37] "GET /menu.aspx HTTP/1.1" 404 6542
Not Found: /menu.pl
[23/Jul/2023 07:46:37] "GET /menu.pl HTTP/1.1" 404 6536
Not Found: /base.cfm
[23/Jul/2023 07:46:37] "GET /base.cfm HTTP/1.1" 404 6539
Not Found: /index.php
[23/Jul/2023 07:46:37] "GET /index.php HTTP/1.1" 404 6542
Not Found: /home.jsa
[23/Jul/2023 07:46:38] "GET /home.jsa HTTP/1.1" 404 6539
Not Found: /menu.asp
[23/Jul/2023 07:46:38] "GET /menu.asp HTTP/1.1" 404 6539
Not Found: /base.cgi
[23/Jul/2023 07:46:38] "GET /base.cgi HTTP/1.1" 404 6539
Not Found: /home.cfm
[23/Jul/2023 07:46:38] "GET /home.cfm HTTP/1.1" 404 6539
Not Found: /main.jsp
[23/Jul/2023 07:46:38] "GET /main.jsp HTTP/1.1" 404 6539
Not Found: /main.cgi
[23/Jul/2023 07:46:38] "GET /main.cgi HTTP/1.1" 404 6539
Not Found: /menu.shtml
[23/Jul/2023 07:46:39] "GET /menu.shtml HTTP/1.1" 404 6545
Not Found: /home.aspx
[23/Jul/2023 07:46:39] "GET /home.aspx HTTP/1.1" 404 6542
Not Found: /index.html
[23/Jul/2023 07:46:39] "GET /index.html HTTP/1.1" 404 6545
Not Found: /start.asp
[23/Jul/2023 07:46:39] "GET /start.asp HTTP/1.1" 404 6542
Not Found: /home.jhtml
[23/Jul/2023 07:46:39] "GET /home.jhtml HTTP/1.1" 404 6545
Not Found: /index.asp
[23/Jul/2023 07:46:39] "GET /index.asp HTTP/1.1" 404 6542
Not Found: /menu.html
[23/Jul/2023 07:46:39] "GET /menu.html HTTP/1.1" 404 6542
Not Found: /default.jsp
[23/Jul/2023 07:46:40] "GET /default.jsp HTTP/1.1" 404 6548
[23/Jul/2023 07:46:40] "GET / HTTP/1.0" 200 1515
[23/Jul/2023 07:46:40] "GET / HTTP/1.1" 200 1515
[23/Jul/2023 07:56:21] "GET / HTTP/1.1" 200 1515
