Watching for file changes with StatReloader
Not Found: /phpmyadmin2019/index.php
[15/Aug/2023 08:42:05] "GET /phpmyadmin2019/index.php?lang=en HTTP/1.1" 404 6576
Not Found: /phppma/index.php
[15/Aug/2023 08:42:05] "GET /phppma/index.php?lang=en HTTP/1.1" 404 6552
Not Found: /mysql/admin/index.php
[15/Aug/2023 08:42:05] "GET /mysql/admin/index.php?lang=en HTTP/1.1" 404 6567
Not Found: /dbadmin/index.php
[15/Aug/2023 08:42:05] "GET /dbadmin/index.php?lang=en HTTP/1.1" 404 6555
Not Found: /sql/websql/index.php
[15/Aug/2023 08:42:05] "GET /sql/websql/index.php?lang=en HTTP/1.1" 404 6564
Not Found: /administrator/web/index.php
[15/Aug/2023 08:42:05] "GET /administrator/web/index.php?lang=en HTTP/1.1" 404 6585
Not Found: /sql/phpMyAdmin2/index.php
[15/Aug/2023 08:42:05] "GET /sql/phpMyAdmin2/index.php?lang=en HTTP/1.1" 404 6579
Not Found: /phpMyAdmin_/index.php
[15/Aug/2023 08:42:05] "GET /phpMyAdmin_/index.php?lang=en HTTP/1.1" 404 6567
[15/Aug/2023 08:42:05] "GET /admin/web/index.php?lang=en HTTP/1.1" 302 0
[15/Aug/2023 08:42:05] "GET /admin/login/?next=/admin/web/index.php%3Flang%3Den HTTP/1.1" 200 4322
Not Found: /phpMyAdmin1/index.php
[15/Aug/2023 08:42:05] "GET /phpMyAdmin1/index.php?lang=en HTTP/1.1" 404 6567
Not Found: /sql/sql-admin/index.php
[15/Aug/2023 08:42:06] "GET /sql/sql-admin/index.php?lang=en HTTP/1.1" 404 6573
Not Found: /1phpmyadmin/index.php
[15/Aug/2023 08:42:06] "GET /1phpmyadmin/index.php?lang=en HTTP/1.1" 404 6567
Not Found: /phpmyadmin2019/index.php
[15/Aug/2023 08:42:06] "GET /phpmyadmin2019/index.php?lang=en HTTP/1.1" 404 6576
Not Found: /db/phpmyadmin4/index.php
[15/Aug/2023 08:42:06] "GET /db/phpmyadmin4/index.php?lang=en HTTP/1.1" 404 6576
Not Found: /shopdb/index.php
[15/Aug/2023 08:42:06] "GET /shopdb/index.php?lang=en HTTP/1.1" 404 6552
Not Found: /phpMyAdmin-5.2.0-all-languages/index.php
[15/Aug/2023 08:42:06] "GET /phpMyAdmin-5.2.0-all-languages/index.php?lang=en HTTP/1.1" 404 6624
Not Found: /sqlmanager/index.php
[15/Aug/2023 08:42:06] "GET /sqlmanager/index.php?lang=en HTTP/1.1" 404 6564
Not Found: /phpmyadmin1/index.php
[15/Aug/2023 08:42:06] "GET /phpmyadmin1/index.php?lang=en HTTP/1.1" 404 6567
Not Found: /db/phpmyadmin3/index.php
[15/Aug/2023 08:42:06] "GET /db/phpmyadmin3/index.php?lang=en HTTP/1.1" 404 6576
Not Found: /phpMyAdmin-4/index.php
[15/Aug/2023 08:42:06] "GET /phpMyAdmin-4/index.php?lang=en HTTP/1.1" 404 6570
Not Found: /index.php
[15/Aug/2023 08:42:06] "GET /index.php?lang=en HTTP/1.1" 404 6531
Not Found: /administrator/admin/index.php
[15/Aug/2023 08:42:06] "GET /administrator/admin/index.php?lang=en HTTP/1.1" 404 6591
Not Found: /phpMyAdmin-latest-english/index.php
[15/Aug/2023 08:42:06] "GET /phpMyAdmin-latest-english/index.php?lang=en HTTP/1.1" 404 6609
Not Found: /sql/webdb/index.php
[15/Aug/2023 08:42:06] "GET /sql/webdb/index.php?lang=en HTTP/1.1" 404 6561
Not Found: /db/db-admin/index.php
[15/Aug/2023 08:42:06] "GET /db/db-admin/index.php?lang=en HTTP/1.1" 404 6567
Not Found: /sql/php-myadmin/index.php
[15/Aug/2023 08:42:06] "GET /sql/php-myadmin/index.php?lang=en HTTP/1.1" 404 6579
Not Found: /phpmyadmin3/index.php
[15/Aug/2023 08:42:06] "GET /phpmyadmin3/index.php?lang=en HTTP/1.1" 404 6567
Not Found: /__phpmyadmin/index.php
[15/Aug/2023 08:42:06] "GET /__phpmyadmin/index.php?lang=en HTTP/1.1" 404 6570
Not Found: /sql/sqladmin/index.php
[15/Aug/2023 08:42:06] "GET /sql/sqladmin/index.php?lang=en HTTP/1.1" 404 6570
Not Found: /db/phpmyadmin5/index.php
[15/Aug/2023 08:42:06] "GET /db/phpmyadmin5/index.php?lang=en HTTP/1.1" 404 6576
Not Found: /sql/phpmanager/index.php
[15/Aug/2023 08:42:06] "GET /sql/phpmanager/index.php?lang=en HTTP/1.1" 404 6576
Not Found: /_phpmyadmin/index.php
[15/Aug/2023 08:42:06] "GET /_phpmyadmin/index.php?lang=en HTTP/1.1" 404 6567
Not Found: /myadmin/index.php
[15/Aug/2023 08:42:07] "GET /myadmin/index.php?lang=en HTTP/1.1" 404 6555
Not Found: /sql/phpmy-admin/index.php
[15/Aug/2023 08:42:07] "GET /sql/phpmy-admin/index.php?lang=en HTTP/1.1" 404 6579
Not Found: /administrator/phpMyAdmin/index.php
[15/Aug/2023 08:42:07] "GET /administrator/phpMyAdmin/index.php?lang=en HTTP/1.1" 404 6606
Not Found: /wp-content/plugins/portable-phpmyadmin/wp-pma-mod/index.php
[15/Aug/2023 08:42:07] "GET /wp-content/plugins/portable-phpmyadmin/wp-pma-mod/index.php?lang=en HTTP/1.1" 404 6681
Not Found: /sql/sql/index.php
[15/Aug/2023 08:42:07] "GET /sql/sql/index.php?lang=en HTTP/1.1" 404 6555
Not Found: /sql/webadmin/index.php
[15/Aug/2023 08:42:07] "GET /sql/webadmin/index.php?lang=en HTTP/1.1" 404 6570
Not Found: /phpmyadmin_/index.php
[15/Aug/2023 08:42:07] "GET /phpmyadmin_/index.php?lang=en HTTP/1.1" 404 6567
Not Found: /pma/index.php
[15/Aug/2023 08:42:07] "GET /pma/index.php?lang=en HTTP/1.1" 404 6543
Not Found: /phpmyadmin2021/index.php
[15/Aug/2023 08:42:07] "GET /phpmyadmin2021/index.php?lang=en HTTP/1.1" 404 6576
Not Found: /db/phpMyAdmin3/index.php
[15/Aug/2023 08:42:07] "GET /db/phpMyAdmin3/index.php?lang=en HTTP/1.1" 404 6576
Not Found: /db/phpMyAdmin-3/index.php
[15/Aug/2023 08:42:07] "GET /db/phpMyAdmin-3/index.php?lang=en HTTP/1.1" 404 6579
Not Found: /phpMyAdmin-latest-all-languages/index.php
[15/Aug/2023 08:42:07] "GET /phpMyAdmin-latest-all-languages/index.php?lang=en HTTP/1.1" 404 6627
Not Found: /phpMyAdmin3/index.php
[15/Aug/2023 08:42:07] "GET /phpMyAdmin3/index.php?lang=en HTTP/1.1" 404 6567
Not Found: /administrator/phpmyadmin/index.php
[15/Aug/2023 08:42:07] "GET /administrator/phpmyadmin/index.php?lang=en HTTP/1.1" 404 6606
Not Found: /mysql/pma/index.php
[15/Aug/2023 08:42:07] "GET /mysql/pma/index.php?lang=en HTTP/1.1" 404 6561
Not Found: /administrator/pma/index.php
[15/Aug/2023 08:42:07] "GET /administrator/pma/index.php?lang=en HTTP/1.1" 404 6585
Not Found: /sql/myadmin/index.php
[15/Aug/2023 08:42:07] "GET /sql/myadmin/index.php?lang=en HTTP/1.1" 404 6567
Not Found: /phpMyAdmin-5.3.0-all-languages/index.php
[15/Aug/2023 08:42:07] "GET /phpMyAdmin-5.3.0-all-languages/index.php?lang=en HTTP/1.1" 404 6624
Not Found: /db/phpmyadmin/index.php
[15/Aug/2023 08:42:07] "GET /db/phpmyadmin/index.php?lang=en HTTP/1.1" 404 6573
Not Found: /mysql/pMA/index.php
[15/Aug/2023 08:42:07] "GET /mysql/pMA/index.php?lang=en HTTP/1.1" 404 6561
Not Found: /phpMyAdmin5.2/index.php
[15/Aug/2023 08:42:07] "GET /phpMyAdmin5.2/index.php?lang=en HTTP/1.1" 404 6573
Not Found: /mysql/index.php
[15/Aug/2023 08:42:08] "GET /mysql/index.php?lang=en HTTP/1.1" 404 6549
Not Found: /PMA/index.php
[15/Aug/2023 08:42:08] "GET /PMA/index.php?lang=en HTTP/1.1" 404 6543
Not Found: /phpmyadmin2016/index.php
[15/Aug/2023 08:42:08] "GET /phpmyadmin2016/index.php?lang=en HTTP/1.1" 404 6576
Not Found: /phpMyAdmin5/index.php
[15/Aug/2023 08:42:08] "GET /phpMyAdmin5/index.php?lang=en HTTP/1.1" 404 6567
Not Found: /db/dbweb/index.php
[15/Aug/2023 08:42:08] "GET /db/dbweb/index.php?lang=en HTTP/1.1" 404 6558
Not Found: /phpmyadmin2011/index.php
[15/Aug/2023 08:42:08] "GET /phpmyadmin2011/index.php?lang=en HTTP/1.1" 404 6576
Not Found: /phpMyAdmin-5.2.0/index.php
[15/Aug/2023 08:42:08] "GET /phpMyAdmin-5.2.0/index.php?lang=en HTTP/1.1" 404 6582
Not Found: /phpmyadmin2014/index.php
[15/Aug/2023 08:42:08] "GET /phpmyadmin2014/index.php?lang=en HTTP/1.1" 404 6576
Not Found: /php-my-admin/index.php
[15/Aug/2023 08:42:08] "GET /php-my-admin/index.php?lang=en HTTP/1.1" 404 6570
Not Found: /phpMyAdmin4/index.php
[15/Aug/2023 08:42:08] "GET /phpMyAdmin4/index.php?lang=en HTTP/1.1" 404 6567
Not Found: /sql/phpmyadmin4/index.php
[15/Aug/2023 08:42:08] "GET /sql/phpmyadmin4/index.php?lang=en HTTP/1.1" 404 6579
Not Found: /2phpmyadmin/index.php
[15/Aug/2023 08:42:08] "GET /2phpmyadmin/index.php?lang=en HTTP/1.1" 404 6567
Not Found: /phpmyadmin2013/index.php
[15/Aug/2023 08:42:08] "GET /phpmyadmin2013/index.php?lang=en HTTP/1.1" 404 6576
Not Found: /phpmyadmin2017/index.php
[15/Aug/2023 08:42:08] "GET /phpmyadmin2017/index.php?lang=en HTTP/1.1" 404 6576
Not Found: /administrator/PMA/index.php
[15/Aug/2023 08:42:08] "GET /administrator/PMA/index.php?lang=en HTTP/1.1" 404 6585
Not Found: /mysqladmin/index.php
[15/Aug/2023 08:42:08] "GET /mysqladmin/index.php?lang=en HTTP/1.1" 404 6564
Not Found: /db/webdb/index.php
[15/Aug/2023 08:42:08] "GET /db/webdb/index.php?lang=en HTTP/1.1" 404 6558
Not Found: /phpMyAdmin-5.1.0/index.php
[15/Aug/2023 08:42:08] "GET /phpMyAdmin-5.1.0/index.php?lang=en HTTP/1.1" 404 6582
Not Found: /phpmyadmin5/index.php
[15/Aug/2023 08:42:08] "GET /phpmyadmin5/index.php?lang=en HTTP/1.1" 404 6567
Not Found: /phpmyadmin2015/index.php
[15/Aug/2023 08:42:08] "GET /phpmyadmin2015/index.php?lang=en HTTP/1.1" 404 6576
Not Found: /phpMyAdmin5.1/index.php
[15/Aug/2023 08:42:08] "GET /phpMyAdmin5.1/index.php?lang=en HTTP/1.1" 404 6573
Not Found: /mysql/sqlmanager/index.php
[15/Aug/2023 08:42:08] "GET /mysql/sqlmanager/index.php?lang=en HTTP/1.1" 404 6582
Not Found: /phpMyAdmin-3/index.php
[15/Aug/2023 08:42:09] "GET /phpMyAdmin-3/index.php?lang=en HTTP/1.1" 404 6570
Not Found: /db/phpMyAdmin-4/index.php
[15/Aug/2023 08:42:09] "GET /db/phpMyAdmin-4/index.php?lang=en HTTP/1.1" 404 6579
Not Found: /phpmyadmin2022/index.php
[15/Aug/2023 08:42:09] "GET /phpmyadmin2022/index.php?lang=en HTTP/1.1" 404 6576
Not Found: /db/dbadmin/index.php
[15/Aug/2023 08:42:09] "GET /db/dbadmin/index.php?lang=en HTTP/1.1" 404 6564
Not Found: /phpMyAdmin/index.php
[15/Aug/2023 08:42:09] "GET /phpMyAdmin/index.php?lang=en HTTP/1.1" 404 6564
Not Found: /sql/phpmy-admin/index.php
[15/Aug/2023 08:42:09] "GET /sql/phpmy-admin/index.php?lang=en HTTP/1.1" 404 6579
[15/Aug/2023 08:42:09] "GET /admin/index.php?lang=en HTTP/1.1" 302 0
[15/Aug/2023 08:42:09] "GET /admin/login/?next=/admin/index.php%3Flang%3Den HTTP/1.1" 200 4314
Not Found: /phpmyadmin_/index.php
[15/Aug/2023 08:42:09] "GET /phpmyadmin_/index.php?lang=en HTTP/1.1" 404 6567
Not Found: /mysql/web/index.php
[15/Aug/2023 08:42:09] "GET /mysql/web/index.php?lang=en HTTP/1.1" 404 6561
Not Found: /phpMyAdmin2/index.php
[15/Aug/2023 08:42:09] "GET /phpMyAdmin2/index.php?lang=en HTTP/1.1" 404 6567
Not Found: /phpmyadmin5/index.php
[15/Aug/2023 08:42:09] "GET /phpmyadmin5/index.php?lang=en HTTP/1.1" 404 6567
Not Found: /mysql/sqlmanager/index.php
[15/Aug/2023 08:42:09] "GET /mysql/sqlmanager/index.php?lang=en HTTP/1.1" 404 6582
Not Found: /mysqladmin/index.php
[15/Aug/2023 08:42:09] "GET /mysqladmin/index.php?lang=en HTTP/1.1" 404 6564
Not Found: /phpmyadmin2019/index.php
[15/Aug/2023 08:42:09] "GET /phpmyadmin2019/index.php?lang=en HTTP/1.1" 404 6576
Not Found: /mysql/pma/index.php
[15/Aug/2023 08:42:09] "GET /mysql/pma/index.php?lang=en HTTP/1.1" 404 6561
Not Found: /phpMyAdmin_/index.php
[15/Aug/2023 08:42:09] "GET /phpMyAdmin_/index.php?lang=en HTTP/1.1" 404 6567
Not Found: /phpmyadmin2011/index.php
[15/Aug/2023 08:42:09] "GET /phpmyadmin2011/index.php?lang=en HTTP/1.1" 404 6576
Not Found: /db/index.php
[15/Aug/2023 08:42:09] "GET /db/index.php?lang=en HTTP/1.1" 404 6540
Not Found: /administrator/admin/index.php
[15/Aug/2023 08:42:09] "GET /administrator/admin/index.php?lang=en HTTP/1.1" 404 6591
Not Found: /sql/websql/index.php
[15/Aug/2023 08:42:09] "GET /sql/websql/index.php?lang=en HTTP/1.1" 404 6564
Not Found: /phpMyAdmin-4.9.7/index.php
[15/Aug/2023 08:42:09] "GET /phpMyAdmin-4.9.7/index.php?lang=en HTTP/1.1" 404 6582
Not Found: /phpmyadmin/index.php
[15/Aug/2023 08:42:10] "GET /phpmyadmin/index.php?lang=en HTTP/1.1" 404 6564
Not Found: /phpmyadmin4/index.php
[15/Aug/2023 08:42:10] "GET /phpmyadmin4/index.php?lang=en HTTP/1.1" 404 6567
Not Found: /db/db-admin/index.php
[15/Aug/2023 08:42:10] "GET /db/db-admin/index.php?lang=en HTTP/1.1" 404 6567
Not Found: /phpMyAdmin5/index.php
[15/Aug/2023 08:42:10] "GET /phpMyAdmin5/index.php?lang=en HTTP/1.1" 404 6567
Not Found: /sql/webdb/index.php
[15/Aug/2023 08:42:10] "GET /sql/webdb/index.php?lang=en HTTP/1.1" 404 6561
Not Found: /phpmyadmin2022/index.php
[15/Aug/2023 08:42:10] "GET /phpmyadmin2022/index.php?lang=en HTTP/1.1" 404 6576
Not Found: /phpmyadmin2018/index.php
[15/Aug/2023 08:42:10] "GET /phpmyadmin2018/index.php?lang=en HTTP/1.1" 404 6576
Not Found: /mysql/db/index.php
[15/Aug/2023 08:42:10] "GET /mysql/db/index.php?lang=en HTTP/1.1" 404 6558
[15/Aug/2023 08:42:10] "GET /admin/sysadmin/index.php?lang=en HTTP/1.1" 302 0
[15/Aug/2023 08:42:10] "GET /admin/login/?next=/admin/sysadmin/index.php%3Flang%3Den HTTP/1.1" 200 4332
Not Found: /phpmy/index.php
[15/Aug/2023 08:42:10] "GET /phpmy/index.php?lang=en HTTP/1.1" 404 6549
Not Found: /db/phpMyAdmin-5/index.php
[15/Aug/2023 08:42:10] "GET /db/phpMyAdmin-5/index.php?lang=en HTTP/1.1" 404 6579
Not Found: /phpMyAdmin-5.1.1/index.php
[15/Aug/2023 08:42:10] "GET /phpMyAdmin-5.1.1/index.php?lang=en HTTP/1.1" 404 6582
Not Found: /phpMyAdmin-4.9.10-all-languages/index.php
[15/Aug/2023 08:42:10] "GET /phpMyAdmin-4.9.10-all-languages/index.php?lang=en HTTP/1.1" 404 6627
Not Found: /pma/index.php
[15/Aug/2023 08:42:10] "GET /pma/index.php?lang=en HTTP/1.1" 404 6543
Not Found: /phpmyadmin2018/index.php
[15/Aug/2023 08:42:10] "GET /phpmyadmin2018/index.php?lang=en HTTP/1.1" 404 6576
Not Found: /db/webadmin/index.php
[15/Aug/2023 08:42:10] "GET /db/webadmin/index.php?lang=en HTTP/1.1" 404 6567
Not Found: /phpMyAdmin-5.1.3/index.php
[15/Aug/2023 08:42:10] "GET /phpMyAdmin-5.1.3/index.php?lang=en HTTP/1.1" 404 6582
Not Found: /mysql/web/index.php
[15/Aug/2023 08:42:10] "GET /mysql/web/index.php?lang=en HTTP/1.1" 404 6561
Not Found: /db/phpmyadmin/index.php
[15/Aug/2023 08:42:10] "GET /db/phpmyadmin/index.php?lang=en HTTP/1.1" 404 6573
Not Found: /sql/webdb/index.php
[15/Aug/2023 08:42:10] "GET /sql/webdb/index.php?lang=en HTTP/1.1" 404 6561
Not Found: /administrator/phpMyAdmin/index.php
[15/Aug/2023 08:42:10] "GET /administrator/phpMyAdmin/index.php?lang=en HTTP/1.1" 404 6606
Not Found: /db/phpmyadmin5/index.php
[15/Aug/2023 08:42:11] "GET /db/phpmyadmin5/index.php?lang=en HTTP/1.1" 404 6576
Not Found: /mysql/dbadmin/index.php
[15/Aug/2023 08:42:11] "GET /mysql/dbadmin/index.php?lang=en HTTP/1.1" 404 6573
Not Found: /phpmyadmin5/index.php
[15/Aug/2023 08:42:11] "GET /phpmyadmin5/index.php?lang=en HTTP/1.1" 404 6567
Not Found: /sql/phpmyadmin5/index.php
[15/Aug/2023 08:42:11] "GET /sql/phpmyadmin5/index.php?lang=en HTTP/1.1" 404 6579
Not Found: /db/dbadmin/index.php
[15/Aug/2023 08:42:11] "GET /db/dbadmin/index.php?lang=en HTTP/1.1" 404 6564
Not Found: /2phpmyadmin/index.php
[15/Aug/2023 08:42:11] "GET /2phpmyadmin/index.php?lang=en HTTP/1.1" 404 6567
Not Found: /MyAdmin/index.php
[15/Aug/2023 08:42:11] "GET /MyAdmin/index.php?lang=en HTTP/1.1" 404 6555
[15/Aug/2023 08:42:11] "GET /admin/sqladmin/index.php?lang=en HTTP/1.1" 302 0
[15/Aug/2023 08:42:11] "GET /admin/login/?next=/admin/sqladmin/index.php%3Flang%3Den HTTP/1.1" 200 4332
Not Found: /phpMyAdmin-4.9.7/index.php
[15/Aug/2023 08:42:11] "GET /phpMyAdmin-4.9.7/index.php?lang=en HTTP/1.1" 404 6582
Not Found: /shopdb/index.php
[15/Aug/2023 08:42:11] "GET /shopdb/index.php?lang=en HTTP/1.1" 404 6552
[15/Aug/2023 08:53:08] "GET / HTTP/1.1" 200 1515
