Watching for file changes with StatReloader
Not Found: /.git/config
[29/Jun/2023 17:15:37] "GET /.git/config HTTP/1.1" 404 6235
Not Found: /.env
[29/Jun/2023 17:15:37] "GET /.env HTTP/1.1" 404 6214
Not Found: /.env
[29/Jun/2023 17:15:39] "POST /.env HTTP/1.1" 404 6215
Not Found: /app/.env
[29/Jun/2023 17:15:42] "GET /app/.env HTTP/1.1" 404 6226
Not Found: /app/.env
[29/Jun/2023 17:15:43] "POST /app/.env HTTP/1.1" 404 6227
Not Found: /script/.env
[29/Jun/2023 17:15:46] "GET /script/.env HTTP/1.1" 404 6235
Not Found: /script/.env
[29/Jun/2023 17:15:46] "POST /script/.env HTTP/1.1" 404 6236
Not Found: /api/.env
[29/Jun/2023 17:15:51] "GET /api/.env HTTP/1.1" 404 6226
Not Found: /api/.env
[29/Jun/2023 17:15:51] "POST /api/.env HTTP/1.1" 404 6227
Not Found: /enviroments/.env
[29/Jun/2023 17:16:02] "GET /enviroments/.env HTTP/1.1" 404 6250
Not Found: /enviroments/.env
[29/Jun/2023 17:16:02] "POST /enviroments/.env HTTP/1.1" 404 6251
Not Found: /application/.env
[29/Jun/2023 17:16:11] "GET /application/.env HTTP/1.1" 404 6250
Not Found: /application/.env
[29/Jun/2023 17:16:12] "POST /application/.env HTTP/1.1" 404 6251
Not Found: /admin-app/.env
[29/Jun/2023 17:16:25] "GET /admin-app/.env HTTP/1.1" 404 6244
Not Found: /admin-app/.env
[29/Jun/2023 17:16:25] "POST /admin-app/.env HTTP/1.1" 404 6245
Not Found: /laravel/.env
[29/Jun/2023 17:16:35] "GET /laravel/.env HTTP/1.1" 404 6238
Not Found: /laravel/.env
[29/Jun/2023 17:16:36] "POST /laravel/.env HTTP/1.1" 404 6239
Not Found: /docker/.env
[29/Jun/2023 17:16:44] "GET /docker/.env HTTP/1.1" 404 6235
Not Found: /docker/.env
[29/Jun/2023 17:16:44] "POST /docker/.env HTTP/1.1" 404 6236
Not Found: /fedex/.env
[29/Jun/2023 17:16:50] "GET /fedex/.env HTTP/1.1" 404 6232
Not Found: /fedex/.env
[29/Jun/2023 17:16:50] "POST /fedex/.env HTTP/1.1" 404 6233
Not Found: /local/.env
[29/Jun/2023 17:16:56] "GET /local/.env HTTP/1.1" 404 6232
Not Found: /local/.env
[29/Jun/2023 17:16:57] "POST /local/.env HTTP/1.1" 404 6233
Not Found: /.env.dist
[29/Jun/2023 17:17:00] "GET /.env.dist HTTP/1.1" 404 6229
Not Found: /.env.dist
[29/Jun/2023 17:17:00] "POST /.env.dist HTTP/1.1" 404 6230
Not Found: /apps/.env
[29/Jun/2023 17:17:05] "GET /apps/.env HTTP/1.1" 404 6229
Not Found: /apps/.env
[29/Jun/2023 17:17:06] "POST /apps/.env HTTP/1.1" 404 6230
Not Found: /.env.old
[29/Jun/2023 17:17:09] "GET /.env.old HTTP/1.1" 404 6226
Not Found: /.env.old
[29/Jun/2023 17:17:09] "POST /.env.old HTTP/1.1" 404 6227
Not Found: /cp/.env
[29/Jun/2023 17:17:20] "GET /cp/.env HTTP/1.1" 404 6223
Not Found: /cp/.env
[29/Jun/2023 17:17:21] "POST /cp/.env HTTP/1.1" 404 6224
Not Found: /sources/.env
[29/Jun/2023 17:17:24] "GET /sources/.env HTTP/1.1" 404 6238
Not Found: /sources/.env
[29/Jun/2023 17:17:25] "POST /sources/.env HTTP/1.1" 404 6239
Not Found: /.env.development
[29/Jun/2023 17:17:32] "GET /.env.development HTTP/1.1" 404 6250
Not Found: /.env.development
[29/Jun/2023 17:17:32] "POST /.env.development HTTP/1.1" 404 6251
Not Found: /live_env
[29/Jun/2023 17:17:51] "GET /live_env HTTP/1.1" 404 6226
Not Found: /live_env
[29/Jun/2023 17:17:52] "POST /live_env HTTP/1.1" 404 6227
Not Found: /core/.env
[29/Jun/2023 17:17:55] "GET /core/.env HTTP/1.1" 404 6229
Not Found: /core/.env
[29/Jun/2023 17:17:56] "POST /core/.env HTTP/1.1" 404 6230
Not Found: /shared/.env
[29/Jun/2023 17:17:59] "GET /shared/.env HTTP/1.1" 404 6235
Not Found: /shared/.env
[29/Jun/2023 17:17:59] "POST /shared/.env HTTP/1.1" 404 6236
Not Found: /.env.prod
[29/Jun/2023 17:18:04] "GET /.env.prod HTTP/1.1" 404 6229
Not Found: /.env.prod
[29/Jun/2023 17:18:04] "POST /.env.prod HTTP/1.1" 404 6230
Not Found: /system/.env
[29/Jun/2023 17:18:28] "GET /system/.env HTTP/1.1" 404 6235
Not Found: /system/.env
[29/Jun/2023 17:18:28] "POST /system/.env HTTP/1.1" 404 6236
Not Found: /development/.env
[29/Jun/2023 17:18:35] "GET /development/.env HTTP/1.1" 404 6250
Not Found: /development/.env
[29/Jun/2023 17:18:37] "POST /development/.env HTTP/1.1" 404 6251
Not Found: /.env.production
[29/Jun/2023 17:18:43] "GET /.env.production HTTP/1.1" 404 6247
Not Found: /.env.production
[29/Jun/2023 17:18:44] "POST /.env.production HTTP/1.1" 404 6248
Not Found: /cms/.env
[29/Jun/2023 17:18:52] "GET /cms/.env HTTP/1.1" 404 6226
Not Found: /cms/.env
[29/Jun/2023 17:18:52] "POST /cms/.env HTTP/1.1" 404 6227
Not Found: /back/.env
[29/Jun/2023 17:19:03] "GET /back/.env HTTP/1.1" 404 6229
Not Found: /back/.env
[29/Jun/2023 17:19:04] "POST /back/.env HTTP/1.1" 404 6230
Not Found: /enviroments/.env.production
[29/Jun/2023 17:19:16] "GET /enviroments/.env.production HTTP/1.1" 404 6283
Not Found: /enviroments/.env.production
[29/Jun/2023 17:19:16] "POST /enviroments/.env.production HTTP/1.1" 404 6284
Not Found: /rest/.env
[29/Jun/2023 17:19:22] "GET /rest/.env HTTP/1.1" 404 6229
Not Found: /rest/.env
[29/Jun/2023 17:19:23] "POST /rest/.env HTTP/1.1" 404 6230
Not Found: /private/.env
[29/Jun/2023 17:19:27] "GET /private/.env HTTP/1.1" 404 6238
Not Found: /private/.env
[29/Jun/2023 17:19:27] "POST /private/.env HTTP/1.1" 404 6239
Not Found: /.env.project
[29/Jun/2023 17:19:34] "GET /.env.project HTTP/1.1" 404 6238
Not Found: /.env.project
[29/Jun/2023 17:19:35] "POST /.env.project HTTP/1.1" 404 6239
Not Found: /.env.save
[29/Jun/2023 17:19:57] "GET /.env.save HTTP/1.1" 404 6229
Not Found: /.env.save
[29/Jun/2023 17:19:58] "POST /.env.save HTTP/1.1" 404 6230
Not Found: /frontend_dev.php/$
[29/Jun/2023 17:20:03] "GET /frontend_dev.php/$ HTTP/1.1" 404 6256
Not Found: /debug/default/view
[29/Jun/2023 17:20:06] "GET /debug/default/view?panel=config HTTP/1.1" 404 6269
Not Found: /.json
[29/Jun/2023 17:20:09] "GET /.json HTTP/1.1" 404 6217
Not Found: /config.json
[29/Jun/2023 17:20:18] "GET /config.json HTTP/1.1" 404 6235
[29/Jun/2023 17:20:21] "GET /?phpinfo=1 HTTP/1.1" 200 1768
Not Found: /_profiler/phpinfo
[29/Jun/2023 17:20:25] "GET /_profiler/phpinfo HTTP/1.1" 404 6253
Not Found: /phpinfo.php
[29/Jun/2023 17:20:29] "GET /phpinfo.php HTTP/1.1" 404 6235
Not Found: /info.php
[29/Jun/2023 17:20:36] "GET /info.php HTTP/1.1" 404 6226
