Watching for file changes with StatReloader
[17/Jul/2023 21:33:38] "GET / HTTP/1.1" 200 1526
[17/Jul/2023 21:50:33] "GET / HTTP/1.1" 200 1526
Not Found: /favicon.ico
[17/Jul/2023 21:50:50] "GET /favicon.ico HTTP/1.1" 404 7651
[17/Jul/2023 21:50:52] "GET / HTTP/1.1" 200 1526
[17/Jul/2023 22:04:05] "GET / HTTP/1.1" 200 1526
Not Found: /payment/index.php
[17/Jul/2023 22:04:05] "GET /payment/index.php HTTP/1.1" 404 7674
[17/Jul/2023 22:07:40] "GET / HTTP/1.1" 200 1526
[17/Jul/2023 22:07:41] "GET / HTTP/1.1" 200 1526
Not Found: /wp-includes/wlwmanifest.xml
[17/Jul/2023 22:07:41] "GET /wp-includes/wlwmanifest.xml HTTP/1.1" 404 7699
Not Found: /xmlrpc.php
[17/Jul/2023 22:07:41] "GET /xmlrpc.php?rsd HTTP/1.1" 404 7652
[17/Jul/2023 22:07:41] "GET / HTTP/1.1" 200 1526
Not Found: /blog/wp-includes/wlwmanifest.xml
[17/Jul/2023 22:07:41] "GET /blog/wp-includes/wlwmanifest.xml HTTP/1.1" 404 7714
Not Found: /web/wp-includes/wlwmanifest.xml
[17/Jul/2023 22:07:41] "GET /web/wp-includes/wlwmanifest.xml HTTP/1.1" 404 7711
Not Found: /wordpress/wp-includes/wlwmanifest.xml
[17/Jul/2023 22:07:42] "GET /wordpress/wp-includes/wlwmanifest.xml HTTP/1.1" 404 7729
Not Found: /website/wp-includes/wlwmanifest.xml
[17/Jul/2023 22:07:42] "GET /website/wp-includes/wlwmanifest.xml HTTP/1.1" 404 7723
Not Found: /wp/wp-includes/wlwmanifest.xml
[17/Jul/2023 22:07:42] "GET /wp/wp-includes/wlwmanifest.xml HTTP/1.1" 404 7708
Not Found: /news/wp-includes/wlwmanifest.xml
[17/Jul/2023 22:07:42] "GET /news/wp-includes/wlwmanifest.xml HTTP/1.1" 404 7714
Not Found: /2020/wp-includes/wlwmanifest.xml
[17/Jul/2023 22:07:42] "GET /2020/wp-includes/wlwmanifest.xml HTTP/1.1" 404 7714
Not Found: /2019/wp-includes/wlwmanifest.xml
[17/Jul/2023 22:07:43] "GET /2019/wp-includes/wlwmanifest.xml HTTP/1.1" 404 7714
Not Found: /shop/wp-includes/wlwmanifest.xml
[17/Jul/2023 22:07:43] "GET /shop/wp-includes/wlwmanifest.xml HTTP/1.1" 404 7714
Not Found: /wp1/wp-includes/wlwmanifest.xml
[17/Jul/2023 22:07:43] "GET /wp1/wp-includes/wlwmanifest.xml HTTP/1.1" 404 7711
Not Found: /test/wp-includes/wlwmanifest.xml
[17/Jul/2023 22:07:43] "GET /test/wp-includes/wlwmanifest.xml HTTP/1.1" 404 7714
Not Found: /wp2/wp-includes/wlwmanifest.xml
[17/Jul/2023 22:07:43] "GET /wp2/wp-includes/wlwmanifest.xml HTTP/1.1" 404 7711
Not Found: /site/wp-includes/wlwmanifest.xml
[17/Jul/2023 22:07:44] "GET /site/wp-includes/wlwmanifest.xml HTTP/1.1" 404 7714
Not Found: /cms/wp-includes/wlwmanifest.xml
[17/Jul/2023 22:07:44] "GET /cms/wp-includes/wlwmanifest.xml HTTP/1.1" 404 7711
Not Found: /sito/wp-includes/wlwmanifest.xml
[17/Jul/2023 22:07:44] "GET /sito/wp-includes/wlwmanifest.xml HTTP/1.1" 404 7714
[17/Jul/2023 22:17:20] "GET / HTTP/1.1" 200 1526
Not Found: /wp/wp-login.php
[17/Jul/2023 22:24:02] "GET /wp/wp-login.php HTTP/1.1" 404 7663
