Watching for file changes with StatReloader
Not Found: /aaa9
[14/Aug/2023 05:28:45] "GET /aaa9 HTTP/1.1" 404 6508
Not Found: /aab8
[14/Aug/2023 05:28:54] "GET /aab8 HTTP/1.1" 404 6508
[14/Aug/2023 05:29:02] "GET / HTTP/1.1" 200 1515
Not Found: /.env
[14/Aug/2023 05:41:05] "GET /.env HTTP/1.1" 404 6508
Forbidden (CSRF cookie not set.): /
[14/Aug/2023 05:41:12] "POST / HTTP/1.1" 403 2922
[14/Aug/2023 05:54:02] "GET / HTTP/1.1" 200 1515
[14/Aug/2023 05:56:35] "GET / HTTP/1.1" 200 1515
[14/Aug/2023 05:56:36] "GET / HTTP/1.1" 200 1515
[14/Aug/2023 05:56:36] "GET /staticfiles/images/logo_NTTCS_CF.jpg HTTP/1.1" 200 20664
Not Found: /favicon.ico
[14/Aug/2023 05:56:37] "GET /favicon.ico HTTP/1.1" 404 6545
[14/Aug/2023 06:14:26] "GET / HTTP/1.0" 200 1515
Not Found: /aaa9
[14/Aug/2023 06:24:54] "GET /aaa9 HTTP/1.1" 404 6508
Not Found: /aab8
[14/Aug/2023 06:25:00] "GET /aab8 HTTP/1.1" 404 6508
[14/Aug/2023 06:25:04] "GET / HTTP/1.1" 200 1515
